#
# There is insufficient memory for the Java Runtime Environment to continue.
# Native memory allocation (malloc) failed to allocate 617696 bytes for Chunk::new
# Possible reasons:
#   The system is out of physical RAM or swap space
#   The process is running with CompressedOops enabled, and the Java Heap may be blocking the growth of the native heap
# Possible solutions:
#   Reduce memory load on the system
#   Increase physical memory or swap space
#   Check if swap backing store is full
#   Decrease Java heap size (-Xmx/-Xms)
#   Decrease number of Java threads
#   Decrease Java thread stack sizes (-Xss)
#   Set larger code cache with -XX:ReservedCodeCacheSize=
#   JVM is running with Unscaled Compressed Oops mode in which the Java heap is
#     placed in the first 4GB address space. The Java Heap base address is the
#     maximum limit for the native heap growth. Please use -XX:HeapBaseMinAddress
#     to set the Java Heap base and to place the Java Heap above 4GB virtual address.
# This output file may be truncated or incomplete.
#
#  Out of Memory Error (allocation.cpp:389), pid=100, tid=0x0000000000004cc4
#
# JRE version: OpenJDK Runtime Environment (8.0) (build 1.8.0-25-microsoft-b00)
# Java VM: OpenJDK 64-Bit Server VM (25.71-b00 mixed mode windows-amd64 compressed oops)
# Failed to write core dump. Minidumps are not enabled by default on client versions of Windows
#

---------------  T H R E A D  ---------------

Current thread (0x0000000019abb800):  JavaThread "C2 CompilerThread0" daemon [_thread_in_native, id=19652, stack(0x000000001a070000,0x000000001a170000)]

Stack: [0x000000001a070000,0x000000001a170000]
[error occurred during error reporting (printing stack bounds), id 0xc0000005]

Native frames: (J=compiled Java code, j=interpreted, Vv=VM code, C=native code)


Current CompileTask:
C2:    625  467   !   4       com.sun.tools.javac.parser.JavaTokenizer::readToken (2243 bytes)


---------------  P R O C E S S  ---------------

Java Threads: ( => current thread )
  0x0000000019b44000 JavaThread "Service Thread" daemon [_thread_blocked, id=20348, stack(0x000000001a370000,0x000000001a470000)]
  0x0000000019abe800 JavaThread "C1 CompilerThread2" daemon [_thread_blocked, id=208, stack(0x000000001a270000,0x000000001a370000)]
  0x0000000019abc000 JavaThread "C2 CompilerThread1" daemon [_thread_in_native, id=15540, stack(0x000000001a170000,0x000000001a270000)]
=>0x0000000019abb800 JavaThread "C2 CompilerThread0" daemon [_thread_in_native, id=19652, stack(0x000000001a070000,0x000000001a170000)]
  0x0000000019aba000 JavaThread "Attach Listener" daemon [_thread_blocked, id=16764, stack(0x0000000019f70000,0x000000001a070000)]
  0x000000001810e000 JavaThread "Signal Dispatcher" daemon [_thread_blocked, id=1700, stack(0x0000000019e70000,0x0000000019f70000)]
  0x00000000033dd000 JavaThread "Finalizer" daemon [_thread_blocked, id=24920, stack(0x0000000019970000,0x0000000019a70000)]
  0x00000000033d6800 JavaThread "Reference Handler" daemon [_thread_blocked, id=16488, stack(0x0000000019870000,0x0000000019970000)]
  0x000000000153e800 JavaThread "main" [_thread_blocked, id=24928, stack(0x0000000002dd0000,0x0000000002ed0000)]

Other Threads:
  0x00000000180b7000 VMThread [stack: 0x0000000019770000,0x0000000019870000] [id=18132]
  0x0000000019b45800 WatcherThread [stack: 0x000000001a470000,0x000000001a570000] [id=11620]

VM state:not at safepoint (normal execution)

VM Mutex/Monitor currently owned by a thread: None

OutOfMemory and StackOverflow Exception counts:
OutOfMemoryError java_heap_errors=1

heap address: 0x0000000082200000, size: 2014 MB, Compressed Oops mode: 32-bit
Narrow klass base: 0x0000000000000000, Narrow klass shift: 3
Compressed class space size: 1073741824 Address: 0x0000000100000000

Heap:
 PSYoungGen      total 14848K, used 11639K [0x00000000d6100000, 0x00000000d8300000, 0x0000000100000000)
  eden space 11776K, 98% used [0x00000000d6100000,0x00000000d6c5dd50,0x00000000d6c80000)
  from space 3072K, 0% used [0x00000000d6c80000,0x00000000d6c80000,0x00000000d6f80000)
  to   space 5632K, 0% used [0x00000000d7d80000,0x00000000d7d80000,0x00000000d8300000)
 ParOldGen       total 7680K, used 7638K [0x0000000082200000, 0x0000000082980000, 0x00000000d6100000)
  object space 7680K, 99% used [0x0000000082200000,0x0000000082975a20,0x0000000082980000)
 Metaspace       used 7711K, capacity 8436K, committed 8704K, reserved 1056768K
  class space    used 886K, capacity 944K, committed 1024K, reserved 1048576K

Card table byte_map: [0x00000000127a0000,0x0000000012b90000] byte_map_base: 0x000000001238f000

Marking Bits: (ParMarkBitMap*) 0x0000000065fe8f30
 Begin Bits: [0x0000000013430000, 0x00000000153a8000)
 End Bits:   [0x00000000153a8000, 0x0000000017320000)

Polling page: 0x0000000001510000

CodeCache: size=245760Kb used=3262Kb max_used=3280Kb free=242497Kb
 bounds [0x00000000033e0000, 0x0000000003720000, 0x00000000123e0000]
 total_blobs=1038 nmethods=748 adapters=204
 compilation: enabled

Compilation events (10 events):
Event: 0.489 Thread 0x0000000019abe800 nmethod 608 0x000000000369dfd0 code [0x000000000369e120, 0x000000000369e290]
Event: 0.489 Thread 0x0000000019abe800  603       2       com.sun.tools.javac.util.Assert::check (8 bytes)
Event: 0.489 Thread 0x0000000019abe800 nmethod 603 0x000000000369e310 code [0x000000000369e480, 0x000000000369e668]
Event: 0.489 Thread 0x0000000019abe800  604       2       com.sun.tools.javac.file.RegularFileObject::hashCode (8 bytes)
Event: 0.489 Thread 0x0000000019abe800 nmethod 604 0x000000000369e790 code [0x000000000369e920, 0x000000000369eae8]
Event: 0.489 Thread 0x0000000019abe800  605       2       com.sun.tools.javac.file.RegularFileObject::getAbsoluteFile (48 bytes)
Event: 0.490 Thread 0x0000000019abe800 nmethod 605 0x000000000369ec90 code [0x000000000369ee20, 0x000000000369f1c8]
Event: 0.490 Thread 0x0000000019abe800  609       1       java.nio.Buffer::capacity (5 bytes)
Event: 0.490 Thread 0x0000000019abe800 nmethod 609 0x000000000369f350 code [0x000000000369f4a0, 0x000000000369f5b0]
Event: 0.490 Thread 0x0000000019abe800  610       2       com.sun.tools.javac.parser.JavacParser::creator (812 bytes)

GC Heap History (10 events):
Event: 0.235 GC heap before
{Heap before GC invocations=4 (full 0):
 PSYoungGen      total 3584K, used 3560K [0x00000000d6100000, 0x00000000d6800000, 0x0000000100000000)
  eden space 3072K, 100% used [0x00000000d6100000,0x00000000d6400000,0x00000000d6400000)
  from space 512K, 95% used [0x00000000d6400000,0x00000000d647a020,0x00000000d6480000)
  to   space 512K, 0% used [0x00000000d6780000,0x00000000d6780000,0x00000000d6800000)
 ParOldGen       total 5632K, used 888K [0x0000000082200000, 0x0000000082780000, 0x00000000d6100000)
  object space 5632K, 15% used [0x0000000082200000,0x00000000822de060,0x0000000082780000)
 Metaspace       used 5837K, capacity 7020K, committed 7168K, reserved 1056768K
  class space    used 705K, capacity 744K, committed 768K, reserved 1048576K
Event: 0.236 GC heap after
Heap after GC invocations=4 (full 0):
 PSYoungGen      total 6656K, used 504K [0x00000000d6100000, 0x00000000d6800000, 0x0000000100000000)
  eden space 6144K, 0% used [0x00000000d6100000,0x00000000d6100000,0x00000000d6700000)
  from space 512K, 98% used [0x00000000d6780000,0x00000000d67fe010,0x00000000d6800000)
  to   space 512K, 0% used [0x00000000d6700000,0x00000000d6700000,0x00000000d6780000)
 ParOldGen       total 5632K, used 984K [0x0000000082200000, 0x0000000082780000, 0x00000000d6100000)
  object space 5632K, 17% used [0x0000000082200000,0x00000000822f6070,0x0000000082780000)
 Metaspace       used 5837K, capacity 7020K, committed 7168K, reserved 1056768K
  class space    used 705K, capacity 744K, committed 768K, reserved 1048576K
}
Event: 0.381 GC heap before
{Heap before GC invocations=5 (full 0):
 PSYoungGen      total 6656K, used 6648K [0x00000000d6100000, 0x00000000d6800000, 0x0000000100000000)
  eden space 6144K, 100% used [0x00000000d6100000,0x00000000d6700000,0x00000000d6700000)
  from space 512K, 98% used [0x00000000d6780000,0x00000000d67fe010,0x00000000d6800000)
  to   space 512K, 0% used [0x00000000d6700000,0x00000000d6700000,0x00000000d6780000)
 ParOldGen       total 5632K, used 984K [0x0000000082200000, 0x0000000082780000, 0x00000000d6100000)
  object space 5632K, 17% used [0x0000000082200000,0x00000000822f6070,0x0000000082780000)
 Metaspace       used 7407K, capacity 8244K, committed 8320K, reserved 1056768K
  class space    used 864K, capacity 880K, committed 896K, reserved 1048576K
Event: 0.384 GC heap after
Heap after GC invocations=5 (full 0):
 PSYoungGen      total 6656K, used 512K [0x00000000d6100000, 0x00000000d7200000, 0x0000000100000000)
  eden space 6144K, 0% used [0x00000000d6100000,0x00000000d6100000,0x00000000d6700000)
  from space 512K, 100% used [0x00000000d6700000,0x00000000d6780000,0x00000000d6780000)
  to   space 2560K, 0% used [0x00000000d6f80000,0x00000000d6f80000,0x00000000d7200000)
 ParOldGen       total 5632K, used 3088K [0x0000000082200000, 0x0000000082780000, 0x00000000d6100000)
  object space 5632K, 54% used [0x0000000082200000,0x0000000082504298,0x0000000082780000)
 Metaspace       used 7407K, capacity 8244K, committed 8320K, reserved 1056768K
  class space    used 864K, capacity 880K, committed 896K, reserved 1048576K
}
Event: 0.417 GC heap before
{Heap before GC invocations=6 (full 0):
 PSYoungGen      total 6656K, used 6656K [0x00000000d6100000, 0x00000000d7200000, 0x0000000100000000)
  eden space 6144K, 100% used [0x00000000d6100000,0x00000000d6700000,0x00000000d6700000)
  from space 512K, 100% used [0x00000000d6700000,0x00000000d6780000,0x00000000d6780000)
  to   space 2560K, 0% used [0x00000000d6f80000,0x00000000d6f80000,0x00000000d7200000)
 ParOldGen       total 5632K, used 3088K [0x0000000082200000, 0x0000000082780000, 0x00000000d6100000)
  object space 5632K, 54% used [0x0000000082200000,0x0000000082504298,0x0000000082780000)
 Metaspace       used 7426K, capacity 8244K, committed 8320K, reserved 1056768K
  class space    used 864K, capacity 880K, committed 896K, reserved 1048576K
Event: 0.420 GC heap after
Heap after GC invocations=6 (full 0):
 PSYoungGen      total 14336K, used 2264K [0x00000000d6100000, 0x00000000d7300000, 0x0000000100000000)
  eden space 11776K, 0% used [0x00000000d6100000,0x00000000d6100000,0x00000000d6c80000)
  from space 2560K, 88% used [0x00000000d6f80000,0x00000000d71b6148,0x00000000d7200000)
  to   space 3072K, 0% used [0x00000000d6c80000,0x00000000d6c80000,0x00000000d6f80000)
 ParOldGen       total 5632K, used 3088K [0x0000000082200000, 0x0000000082780000, 0x00000000d6100000)
  object space 5632K, 54% used [0x0000000082200000,0x0000000082504298,0x0000000082780000)
 Metaspace       used 7426K, capacity 8244K, committed 8320K, reserved 1056768K
  class space    used 864K, capacity 880K, committed 896K, reserved 1048576K
}
Event: 0.447 GC heap before
{Heap before GC invocations=7 (full 0):
 PSYoungGen      total 14336K, used 12476K [0x00000000d6100000, 0x00000000d7300000, 0x0000000100000000)
  eden space 11776K, 86% used [0x00000000d6100000,0x00000000d6af8f60,0x00000000d6c80000)
  from space 2560K, 88% used [0x00000000d6f80000,0x00000000d71b6148,0x00000000d7200000)
  to   space 3072K, 0% used [0x00000000d6c80000,0x00000000d6c80000,0x00000000d6f80000)
 ParOldGen       total 5632K, used 3088K [0x0000000082200000, 0x0000000082780000, 0x00000000d6100000)
  object space 5632K, 54% used [0x0000000082200000,0x0000000082504298,0x0000000082780000)
 Metaspace       used 7430K, capacity 8244K, committed 8320K, reserved 1056768K
  class space    used 864K, capacity 880K, committed 896K, reserved 1048576K
Event: 0.452 GC heap after
Heap after GC invocations=7 (full 0):
 PSYoungGen      total 14848K, used 3045K [0x00000000d6100000, 0x00000000d8300000, 0x0000000100000000)
  eden space 11776K, 0% used [0x00000000d6100000,0x00000000d6100000,0x00000000d6c80000)
  from space 3072K, 99% used [0x00000000d6c80000,0x00000000d6f796b8,0x00000000d6f80000)
  to   space 5632K, 0% used [0x00000000d7d80000,0x00000000d7d80000,0x00000000d8300000)
 ParOldGen       total 7680K, used 6970K [0x0000000082200000, 0x0000000082980000, 0x00000000d6100000)
  object space 7680K, 90% used [0x0000000082200000,0x00000000828ce810,0x0000000082980000)
 Metaspace       used 7430K, capacity 8244K, committed 8320K, reserved 1056768K
  class space    used 864K, capacity 880K, committed 896K, reserved 1048576K
}
Event: 0.452 GC heap before
{Heap before GC invocations=8 (full 1):
 PSYoungGen      total 14848K, used 3045K [0x00000000d6100000, 0x00000000d8300000, 0x0000000100000000)
  eden space 11776K, 0% used [0x00000000d6100000,0x00000000d6100000,0x00000000d6c80000)
  from space 3072K, 99% used [0x00000000d6c80000,0x00000000d6f796b8,0x00000000d6f80000)
  to   space 5632K, 0% used [0x00000000d7d80000,0x00000000d7d80000,0x00000000d8300000)
 ParOldGen       total 7680K, used 6970K [0x0000000082200000, 0x0000000082980000, 0x00000000d6100000)
  object space 7680K, 90% used [0x0000000082200000,0x00000000828ce810,0x0000000082980000)
 Metaspace       used 7430K, capacity 8244K, committed 8320K, reserved 1056768K
  class space    used 864K, capacity 880K, committed 896K, reserved 1048576K
Event: 0.475 GC heap after
Heap after GC invocations=8 (full 1):
 PSYoungGen      total 14848K, used 2021K [0x00000000d6100000, 0x00000000d8300000, 0x0000000100000000)
  eden space 11776K, 0% used [0x00000000d6100000,0x00000000d6100000,0x00000000d6c80000)
  from space 3072K, 65% used [0x00000000d6c80000,0x00000000d6e79518,0x00000000d6f80000)
  to   space 5632K, 0% used [0x00000000d7d80000,0x00000000d7d80000,0x00000000d8300000)
 ParOldGen       total 7680K, used 7009K [0x0000000082200000, 0x0000000082980000, 0x00000000d6100000)
  object space 7680K, 91% used [0x0000000082200000,0x00000000828d8458,0x0000000082980000)
 Metaspace       used 7430K, capacity 8244K, committed 8320K, reserved 1056768K
  class space    used 864K, capacity 880K, committed 896K, reserved 1048576K
}

Deoptimization events (8 events):
Event: 0.124 Thread 0x000000000153e800 Uncommon trap: reason=unstable_if action=reinterpret pc=0x000000000352b5a4 method=java.io.BufferedReader.read()I @ 19
Event: 0.321 Thread 0x000000000153e800 Uncommon trap: reason=unstable_if action=reinterpret pc=0x00000000035675dc method=java.lang.String.replace(CC)Ljava/lang/String; @ 26
Event: 0.356 Thread 0x000000000153e800 Uncommon trap: reason=unstable_if action=reinterpret pc=0x00000000035e5d18 method=com.sun.tools.javac.parser.UnicodeReader.scanChar()V @ 37
Event: 0.357 Thread 0x000000000153e800 Uncommon trap: reason=unstable_if action=reinterpret pc=0x00000000035e6214 method=com.sun.tools.javac.parser.UnicodeReader.scanChar()V @ 37
Event: 0.357 Thread 0x000000000153e800 Uncommon trap: reason=unstable_if action=reinterpret pc=0x000000000358a8f0 method=java.lang.String.<init>([CII)V @ 18
Event: 0.398 Thread 0x000000000153e800 Uncommon trap: reason=unstable_if action=reinterpret pc=0x000000000360e434 method=com.sun.tools.javac.util.ArrayUtils.ensureCapacity([CI)[C @ 3
Event: 0.398 Thread 0x000000000153e800 Uncommon trap: reason=unstable_if action=reinterpret pc=0x00000000035e7b08 method=com.sun.tools.javac.parser.UnicodeReader.scanChar()V @ 37
Event: 0.475 Thread 0x000000000153e800 Uncommon trap: reason=unstable_if action=reinterpret pc=0x000000000367edb0 method=com.sun.tools.javac.util.Position$LineMapImpl.build([CI)V @ 42

Classes redefined (0 events):
No events

Internal exceptions (10 events):
Event: 0.024 Thread 0x000000000153e800 Exception <a 'java/lang/NoSuchMethodError': Method sun.misc.Unsafe.defineClass(Ljava/lang/String;[BII)Ljava/lang/Class; name or signature does not match> (0x00000000d6107cd8) thrown at [D:\j\worksp~1\openjd~3\jdk8u\hotspot\src\share\vm\prims\jni.cpp, line
Event: 0.024 Thread 0x000000000153e800 Exception <a 'java/lang/NoSuchMethodError': Method sun.misc.Unsafe.prefetchRead(Ljava/lang/Object;J)V name or signature does not match> (0x00000000d6107fc0) thrown at [D:\j\worksp~1\openjd~3\jdk8u\hotspot\src\share\vm\prims\jni.cpp, line 4012]
Event: 0.103 Thread 0x000000000153e800 Exception <a 'java/security/PrivilegedActionException'> (0x00000000d6146750) thrown at [D:\j\worksp~1\openjd~3\jdk8u\hotspot\src\share\vm\prims\jvm.cpp, line 1508]
Event: 0.103 Thread 0x000000000153e800 Exception <a 'java/security/PrivilegedActionException'> (0x00000000d6146b48) thrown at [D:\j\worksp~1\openjd~3\jdk8u\hotspot\src\share\vm\prims\jvm.cpp, line 1508]
Event: 0.104 Thread 0x000000000153e800 Exception <a 'java/security/PrivilegedActionException'> (0x00000000d614b110) thrown at [D:\j\worksp~1\openjd~3\jdk8u\hotspot\src\share\vm\prims\jvm.cpp, line 1508]
Event: 0.104 Thread 0x000000000153e800 Exception <a 'java/security/PrivilegedActionException'> (0x00000000d614b508) thrown at [D:\j\worksp~1\openjd~3\jdk8u\hotspot\src\share\vm\prims\jvm.cpp, line 1508]
Event: 0.104 Thread 0x000000000153e800 Exception <a 'java/security/PrivilegedActionException'> (0x00000000d614ce30) thrown at [D:\j\worksp~1\openjd~3\jdk8u\hotspot\src\share\vm\prims\jvm.cpp, line 1508]
Event: 0.104 Thread 0x000000000153e800 Exception <a 'java/security/PrivilegedActionException'> (0x00000000d614d228) thrown at [D:\j\worksp~1\openjd~3\jdk8u\hotspot\src\share\vm\prims\jvm.cpp, line 1508]
Event: 0.106 Thread 0x000000000153e800 Exception <a 'java/security/PrivilegedActionException'> (0x00000000d61831a0) thrown at [D:\j\worksp~1\openjd~3\jdk8u\hotspot\src\share\vm\prims\jvm.cpp, line 1508]
Event: 0.106 Thread 0x000000000153e800 Exception <a 'java/security/PrivilegedActionException'> (0x00000000d6183598) thrown at [D:\j\worksp~1\openjd~3\jdk8u\hotspot\src\share\vm\prims\jvm.cpp, line 1508]

Events (10 events):
Event: 0.433 Thread 0x000000000153e800 DEOPT UNPACKING pc=0x00000000034275d0 sp=0x0000000002ece6f8 mode 0
Event: 0.434 Thread 0x000000000153e800 DEOPT PACKING pc=0x0000000003687edf sp=0x0000000002ece9c0
Event: 0.434 Thread 0x000000000153e800 DEOPT UNPACKING pc=0x00000000034275d0 sp=0x0000000002ece708 mode 0
Event: 0.447 Executing VM operation: ParallelGCFailedAllocation
Event: 0.475 Executing VM operation: ParallelGCFailedAllocation done
Event: 0.475 Thread 0x000000000153e800 DEOPT PACKING pc=0x000000000366b97a sp=0x0000000002ecf0e0
Event: 0.475 Thread 0x000000000153e800 DEOPT UNPACKING pc=0x00000000034275d0 sp=0x0000000002ecee10 mode 0
Event: 0.475 Thread 0x000000000153e800 Uncommon trap: trap_request=0xffffff65 fr.pc=0x000000000367edb0
Event: 0.475 Thread 0x000000000153e800 DEOPT PACKING pc=0x000000000367edb0 sp=0x0000000002ecf0e0
Event: 0.475 Thread 0x000000000153e800 DEOPT UNPACKING pc=0x000000000342557b sp=0x0000000002ecf0a0 mode 2


Dynamic libraries:
0x00007ff635e20000 - 0x00007ff635e27000 	C:\Program Files\Android\Jdk\microsoft_dist_openjdk_1.8.0.25\bin\javac.exe
0x00007ffa52b40000 - 0x00007ffa52d30000 	C:\WINDOWS\SYSTEM32\ntdll.dll
0x00007ffa50dc0000 - 0x00007ffa50e72000 	C:\WINDOWS\System32\KERNEL32.DLL
0x00007ffa50870000 - 0x00007ffa50b13000 	C:\WINDOWS\System32\KERNELBASE.dll
0x0000000065740000 - 0x0000000065811000 	C:\Program Files\Android\Jdk\microsoft_dist_openjdk_1.8.0.25\bin\MSVCR100.dll
0x00007ffa30500000 - 0x00007ffa3052f000 	C:\Program Files\Android\Jdk\microsoft_dist_openjdk_1.8.0.25\bin\jli.dll
0x00007ffa51360000 - 0x00007ffa51403000 	C:\WINDOWS\System32\ADVAPI32.dll
0x00007ffa51590000 - 0x00007ffa5162e000 	C:\WINDOWS\System32\msvcrt.dll
0x00007ffa51630000 - 0x00007ffa516c7000 	C:\WINDOWS\System32\sechost.dll
0x00007ffa51470000 - 0x00007ffa51590000 	C:\WINDOWS\System32\RPCRT4.dll
0x00007ffa51bb0000 - 0x00007ffa51d44000 	C:\WINDOWS\System32\USER32.dll
0x00007ffa4fb90000 - 0x00007ffa4fbb1000 	C:\WINDOWS\System32\win32u.dll
0x00007ffa3f920000 - 0x00007ffa3fba5000 	C:\WINDOWS\WinSxS\amd64_microsoft.windows.common-controls_6595b64144ccf1df_6.0.18362.778_none_e6c6b761130d4fb8\COMCTL32.dll
0x00007ffa51dc0000 - 0x00007ffa51de6000 	C:\WINDOWS\System32\GDI32.dll
0x00007ffa51870000 - 0x00007ffa51ba6000 	C:\WINDOWS\System32\combase.dll
0x00007ffa504d0000 - 0x00007ffa50664000 	C:\WINDOWS\System32\gdi32full.dll
0x00007ffa4fad0000 - 0x00007ffa4fb6e000 	C:\WINDOWS\System32\msvcp_win.dll
0x00007ffa503a0000 - 0x00007ffa5049a000 	C:\WINDOWS\System32\ucrtbase.dll
0x00007ffa50b70000 - 0x00007ffa50bf0000 	C:\WINDOWS\System32\bcryptPrimitives.dll
0x00007ffa51170000 - 0x00007ffa5119e000 	C:\WINDOWS\System32\IMM32.DLL
0x0000000066070000 - 0x0000000066141000 	C:\Program Files\Android\Jdk\microsoft_dist_openjdk_1.8.0.25\jre\bin\msvcr100.dll
0x0000000065820000 - 0x0000000066065000 	C:\Program Files\Android\Jdk\microsoft_dist_openjdk_1.8.0.25\jre\bin\server\jvm.dll
0x00007ffa51160000 - 0x00007ffa51168000 	C:\WINDOWS\System32\PSAPI.DLL
0x00007ffa3c810000 - 0x00007ffa3c819000 	C:\WINDOWS\SYSTEM32\WSOCK32.dll
0x00007ffa4daa0000 - 0x00007ffa4dac4000 	C:\WINDOWS\SYSTEM32\WINMM.dll
0x00007ffa4b4c0000 - 0x00007ffa4b4ca000 	C:\WINDOWS\SYSTEM32\VERSION.dll
0x00007ffa512e0000 - 0x00007ffa5134f000 	C:\WINDOWS\System32\WS2_32.dll
0x00007ffa4d940000 - 0x00007ffa4d96d000 	C:\WINDOWS\SYSTEM32\WINMMBASE.dll
0x00007ffa50b20000 - 0x00007ffa50b6a000 	C:\WINDOWS\System32\cfgmgr32.dll
0x00007ffa4c3d0000 - 0x00007ffa4c3df000 	C:\Program Files\Android\Jdk\microsoft_dist_openjdk_1.8.0.25\jre\bin\verify.dll
0x00007ffa41ed0000 - 0x00007ffa41ef9000 	C:\Program Files\Android\Jdk\microsoft_dist_openjdk_1.8.0.25\jre\bin\java.dll
0x00007ffa3c830000 - 0x00007ffa3c846000 	C:\Program Files\Android\Jdk\microsoft_dist_openjdk_1.8.0.25\jre\bin\zip.dll
0x00007ffa52390000 - 0x00007ffa52a75000 	C:\WINDOWS\System32\SHELL32.dll
0x00007ffa522e0000 - 0x00007ffa52389000 	C:\WINDOWS\System32\shcore.dll
0x00007ffa4fc20000 - 0x00007ffa503a0000 	C:\WINDOWS\System32\windows.storage.dll
0x00007ffa4fa30000 - 0x00007ffa4fa53000 	C:\WINDOWS\System32\profapi.dll
0x00007ffa4fa60000 - 0x00007ffa4faaa000 	C:\WINDOWS\System32\powrprof.dll
0x00007ffa4fa00000 - 0x00007ffa4fa10000 	C:\WINDOWS\System32\UMPDC.dll
0x00007ffa51410000 - 0x00007ffa51462000 	C:\WINDOWS\System32\shlwapi.dll
0x00007ffa4fa10000 - 0x00007ffa4fa21000 	C:\WINDOWS\System32\kernel.appcore.dll
0x00007ffa4fb70000 - 0x00007ffa4fb87000 	C:\WINDOWS\System32\cryptsp.dll

VM Arguments:
jvm_args: -Dapplication.home=C:\Program Files\Android\Jdk\microsoft_dist_openjdk_1.8.0.25 -Xms8m -Dfile.encoding=UTF8 
java_command: com.sun.tools.javac.Main @C:\Users\Admin\AppData\Local\Temp\tmpABB1.tmp
java_class_path (initial): C:\Program Files\Android\Jdk\microsoft_dist_openjdk_1.8.0.25/lib/tools.jar;C:\Program Files\Android\Jdk\microsoft_dist_openjdk_1.8.0.25/classes
Launcher Type: SUN_STANDARD

Environment Variables:
PATH=C:\Program Files\Android\Jdk\microsoft_dist_openjdk_1.8.0.25\bin;C:\WINDOWS\system32;C:\WINDOWS;C:\WINDOWS\System32\Wbem;C:\WINDOWS\System32\WindowsPowerShell\v1.0\;C:\WINDOWS\System32\OpenSSH\;C:\Program Files\nodejs\;C:\Program Files (x86)\Subversion\bin;C:\Program Files\dotnet\;C:\Program Files\Microsoft SQL Server\130\Tools\Binn\;C:\Program Files\VisualSVN Server\bin;C:\Program Files\Microsoft SQL Server\Client SDK\ODBC\170\Tools\Binn\;C:\Program Files (x86)\Microsoft SQL Server\100\Tools\Binn\;C:\Program Files (x86)\Microsoft SQL Server\100\DTS\Binn\;C:\Program Files (x86)\Microsoft SQL Server\100\Tools\Binn\VSShell\Common7\IDE\;C:\Program Files (x86)\Microsoft Visual Studio 9.0\Common7\IDE\PrivateAssemblies\;C:\Program Files\TortoiseSVN\bin;C:\Go\bin;C:\Program Files\Git\cmd;C:\Users\Admin\AppData\Local\Microsoft\WindowsApps;C:\Users\Admin\AppData\Local\Programs\Microsoft VS Code\bin;C:\Users\Admin\AppData\Roaming\npm;C:\Users\Admin\.dotnet\tools;C:\Users\Admin\AppData\Local\Programs\Fiddler;C:\Users\Admin\AppData\Local\Microsoft\WindowsApps;F:\go-ipfs;C:\Go\bin;
USERNAME=Admin
OS=Windows_NT
PROCESSOR_IDENTIFIER=Intel64 Family 6 Model 158 Stepping 12, GenuineIntel



---------------  S Y S T E M  ---------------

OS: Windows 10.0 , 64 bit Build 18362 (10.0.18362.778)

CPU:total 6 (initial active 6) (6 cores per cpu, 1 threads per core) family 6 model 158 stepping 12, cmov, cx8, fxsr, mmx, sse, sse2, sse3, ssse3, sse4.1, sse4.2, popcnt, avx, avx2, aes, clmul, erms, 3dnowpref, lzcnt, tsc, tscinvbit, bmi1, bmi2, adx

Memory: 4k page, physical 8248244k(441884k free), swap 16636852k(6248k free)

vm_info: OpenJDK 64-Bit Server VM (25.71-b00) for windows-amd64 JRE (1.8.0-25-microsoft-b00), built on Feb  7 2019 20:09:14 by "builder" with MS VC++ 10.0 (VS2010)

time: Fri Apr 17 19:15:46 2020
timezone: 中国标准时间
elapsed time: 0 seconds (0d 0h 0m 0s)

