#
# There is insufficient memory for the Java Runtime Environment to continue.
# Native memory allocation (malloc) failed to allocate 1379536 bytes for Chunk::new
# Possible reasons:
#   The system is out of physical RAM or swap space
#   The process is running with CompressedOops enabled, and the Java Heap may be blocking the growth of the native heap
# Possible solutions:
#   Reduce memory load on the system
#   Increase physical memory or swap space
#   Check if swap backing store is full
#   Decrease Java heap size (-Xmx/-Xms)
#   Decrease number of Java threads
#   Decrease Java thread stack sizes (-Xss)
#   Set larger code cache with -XX:ReservedCodeCacheSize=
#   JVM is running with Unscaled Compressed Oops mode in which the Java heap is
#     placed in the first 4GB address space. The Java Heap base address is the
#     maximum limit for the native heap growth. Please use -XX:HeapBaseMinAddress
#     to set the Java Heap base and to place the Java Heap above 4GB virtual address.
# This output file may be truncated or incomplete.
#
#  Out of Memory Error (allocation.cpp:389), pid=25364, tid=0x000000000000524c
#
# JRE version: OpenJDK Runtime Environment (8.0) (build 1.8.0-25-microsoft-b00)
# Java VM: OpenJDK 64-Bit Server VM (25.71-b00 mixed mode windows-amd64 compressed oops)
# Failed to write core dump. Minidumps are not enabled by default on client versions of Windows
#

---------------  T H R E A D  ---------------

Current thread (0x0000000017a33800):  JavaThread "C2 CompilerThread1" daemon [_thread_in_native, id=21068, stack(0x0000000019af0000,0x0000000019bf0000)]

Stack: [0x0000000019af0000,0x0000000019bf0000]
[error occurred during error reporting (printing stack bounds), id 0xc0000005]

Native frames: (J=compiled Java code, j=interpreted, Vv=VM code, C=native code)


Current CompileTask:
C2:   1687 1911   !   4       com.sun.tools.javac.comp.Annotate::flush (185 bytes)


---------------  P R O C E S S  ---------------

Java Threads: ( => current thread )
  0x00000000194c7000 JavaThread "Service Thread" daemon [_thread_blocked, id=19028, stack(0x0000000019cf0000,0x0000000019df0000)]
  0x0000000019445000 JavaThread "C1 CompilerThread2" daemon [_thread_in_native, id=1404, stack(0x0000000019bf0000,0x0000000019cf0000)]
=>0x0000000017a33800 JavaThread "C2 CompilerThread1" daemon [_thread_in_native, id=21068, stack(0x0000000019af0000,0x0000000019bf0000)]
  0x000000001943e800 JavaThread "C2 CompilerThread0" daemon [_thread_in_native, id=16780, stack(0x00000000199f0000,0x0000000019af0000)]
  0x0000000017a32000 JavaThread "Attach Listener" daemon [_thread_blocked, id=20324, stack(0x00000000198f0000,0x00000000199f0000)]
  0x000000001943b800 JavaThread "Signal Dispatcher" daemon [_thread_blocked, id=23312, stack(0x00000000197f0000,0x00000000198f0000)]
  0x0000000002d0e000 JavaThread "Finalizer" daemon [_thread_blocked, id=24592, stack(0x0000000019290000,0x0000000019390000)]
  0x0000000017a0b000 JavaThread "Reference Handler" daemon [_thread_blocked, id=22640, stack(0x0000000019190000,0x0000000019290000)]
  0x00000000028ce800 JavaThread "main" [_thread_in_Java, id=23336, stack(0x0000000002780000,0x0000000002880000)]

Other Threads:
  0x00000000179e7000 VMThread [stack: 0x0000000019090000,0x0000000019190000] [id=8548]
  0x00000000194c8800 WatcherThread [stack: 0x0000000019df0000,0x0000000019ef0000] [id=7876]

VM state:not at safepoint (normal execution)

VM Mutex/Monitor currently owned by a thread: None

heap address: 0x0000000082200000, size: 2014 MB, Compressed Oops mode: 32-bit
Narrow klass base: 0x0000000000000000, Narrow klass shift: 3
Compressed class space size: 1073741824 Address: 0x0000000100000000

Heap:
 PSYoungGen      total 30720K, used 10062K [0x00000000d6100000, 0x00000000d8880000, 0x0000000100000000)
  eden space 22016K, 40% used [0x00000000d6100000,0x00000000d69b7ec8,0x00000000d7680000)
  from space 8704K, 13% used [0x00000000d8000000,0x00000000d811bc50,0x00000000d8880000)
  to   space 9216K, 0% used [0x00000000d7680000,0x00000000d7680000,0x00000000d7f80000)
 ParOldGen       total 40448K, used 26705K [0x0000000082200000, 0x0000000084980000, 0x00000000d6100000)
  object space 40448K, 66% used [0x0000000082200000,0x0000000083c14490,0x0000000084980000)
 Metaspace       used 9761K, capacity 10142K, committed 10368K, reserved 1058816K
  class space    used 1010K, capacity 1042K, committed 1152K, reserved 1048576K

Card table byte_map: [0x00000000120d0000,0x00000000124c0000] byte_map_base: 0x0000000011cbf000

Marking Bits: (ParMarkBitMap*) 0x0000000065fe8f30
 Begin Bits: [0x0000000012d60000, 0x0000000014cd8000)
 End Bits:   [0x0000000014cd8000, 0x0000000016c50000)

Polling page: 0x0000000000f60000

CodeCache: size=245760Kb used=8806Kb max_used=8822Kb free=236953Kb
 bounds [0x0000000002d10000, 0x00000000035c0000, 0x0000000011d10000]
 total_blobs=2527 nmethods=2226 adapters=214
 compilation: enabled

Compilation events (10 events):
Event: 1.640 Thread 0x0000000019445000 nmethod 2128 0x0000000003536a10 code [0x0000000003536e00, 0x0000000003538458]
Event: 1.640 Thread 0x0000000019445000 2129       2       com.sun.tools.javac.tree.JCTree$JCNewArray::getTag (4 bytes)
Event: 1.640 Thread 0x0000000019445000 nmethod 2129 0x000000000353a190 code [0x000000000353a2e0, 0x000000000353a430]
Event: 1.640 Thread 0x0000000019445000 2127       2       com.sun.tools.javac.comp.TransTypes::visitTypeArray (34 bytes)
Event: 1.640 Thread 0x0000000019445000 nmethod 2127 0x000000000353a4d0 code [0x000000000353a660, 0x000000000353aa78]
Event: 1.642 Thread 0x0000000019445000 2131       2       java.io.File::<init> (20 bytes)
Event: 1.642 Thread 0x0000000019445000 nmethod 2131 0x000000000353ad90 code [0x000000000353aee0, 0x000000000353b050]
Event: 1.643 Thread 0x0000000019445000 2132       2       com.sun.tools.javac.code.Symbol::getRawTypeAttributes (21 bytes)
Event: 1.643 Thread 0x0000000019445000 nmethod 2132 0x000000000353b0d0 code [0x000000000353b220, 0x000000000353b390]
Event: 1.644 Thread 0x0000000019445000 2133       2       com.sun.tools.javac.jvm.ClassWriter::writeClassFile (1177 bytes)

GC Heap History (10 events):
Event: 0.702 GC heap before
{Heap before GC invocations=13 (full 1):
 PSYoungGen      total 19456K, used 19443K [0x00000000d6100000, 0x00000000d8100000, 0x0000000100000000)
  eden space 14336K, 100% used [0x00000000d6100000,0x00000000d6f00000,0x00000000d6f00000)
  from space 5120K, 99% used [0x00000000d6f00000,0x00000000d73fcf78,0x00000000d7400000)
  to   space 7168K, 0% used [0x00000000d7a00000,0x00000000d7a00000,0x00000000d8100000)
 ParOldGen       total 14848K, used 11325K [0x0000000082200000, 0x0000000083080000, 0x00000000d6100000)
  object space 14848K, 76% used [0x0000000082200000,0x0000000082d0f728,0x0000000083080000)
 Metaspace       used 7942K, capacity 8660K, committed 8960K, reserved 1056768K
  class space    used 888K, capacity 912K, committed 1024K, reserved 1048576K
Event: 0.708 GC heap after
Heap after GC invocations=13 (full 1):
 PSYoungGen      total 25600K, used 4622K [0x00000000d6100000, 0x00000000d8200000, 0x0000000100000000)
  eden space 18432K, 0% used [0x00000000d6100000,0x00000000d6100000,0x00000000d7300000)
  from space 7168K, 64% used [0x00000000d7a00000,0x00000000d7e83ba8,0x00000000d8100000)
  to   space 7168K, 0% used [0x00000000d7300000,0x00000000d7300000,0x00000000d7a00000)
 ParOldGen       total 17408K, used 16398K [0x0000000082200000, 0x0000000083300000, 0x00000000d6100000)
  object space 17408K, 94% used [0x0000000082200000,0x0000000083203aa0,0x0000000083300000)
 Metaspace       used 7942K, capacity 8660K, committed 8960K, reserved 1056768K
  class space    used 888K, capacity 912K, committed 1024K, reserved 1048576K
}
Event: 0.708 GC heap before
{Heap before GC invocations=14 (full 2):
 PSYoungGen      total 25600K, used 4622K [0x00000000d6100000, 0x00000000d8200000, 0x0000000100000000)
  eden space 18432K, 0% used [0x00000000d6100000,0x00000000d6100000,0x00000000d7300000)
  from space 7168K, 64% used [0x00000000d7a00000,0x00000000d7e83ba8,0x00000000d8100000)
  to   space 7168K, 0% used [0x00000000d7300000,0x00000000d7300000,0x00000000d7a00000)
 ParOldGen       total 17408K, used 16398K [0x0000000082200000, 0x0000000083300000, 0x00000000d6100000)
  object space 17408K, 94% used [0x0000000082200000,0x0000000083203aa0,0x0000000083300000)
 Metaspace       used 7942K, capacity 8660K, committed 8960K, reserved 1056768K
  class space    used 888K, capacity 912K, committed 1024K, reserved 1048576K
Event: 0.750 GC heap after
Heap after GC invocations=14 (full 2):
 PSYoungGen      total 25600K, used 1420K [0x00000000d6100000, 0x00000000d8200000, 0x0000000100000000)
  eden space 18432K, 0% used [0x00000000d6100000,0x00000000d6100000,0x00000000d7300000)
  from space 7168K, 19% used [0x00000000d7a00000,0x00000000d7b63080,0x00000000d8100000)
  to   space 7168K, 0% used [0x00000000d7300000,0x00000000d7300000,0x00000000d7a00000)
 ParOldGen       total 26624K, used 17308K [0x0000000082200000, 0x0000000083c00000, 0x00000000d6100000)
  object space 26624K, 65% used [0x0000000082200000,0x00000000832e71e0,0x0000000083c00000)
 Metaspace       used 7942K, capacity 8660K, committed 8960K, reserved 1056768K
  class space    used 888K, capacity 912K, committed 1024K, reserved 1048576K
}
Event: 0.976 GC heap before
{Heap before GC invocations=15 (full 2):
 PSYoungGen      total 25600K, used 19852K [0x00000000d6100000, 0x00000000d8200000, 0x0000000100000000)
  eden space 18432K, 100% used [0x00000000d6100000,0x00000000d7300000,0x00000000d7300000)
  from space 7168K, 19% used [0x00000000d7a00000,0x00000000d7b63080,0x00000000d8100000)
  to   space 7168K, 0% used [0x00000000d7300000,0x00000000d7300000,0x00000000d7a00000)
 ParOldGen       total 26624K, used 17308K [0x0000000082200000, 0x0000000083c00000, 0x00000000d6100000)
  object space 26624K, 65% used [0x0000000082200000,0x00000000832e71e0,0x0000000083c00000)
 Metaspace       used 8178K, capacity 8852K, committed 9216K, reserved 1056768K
  class space    used 891K, capacity 912K, committed 1024K, reserved 1048576K
Event: 0.983 GC heap after
Heap after GC invocations=15 (full 2):
 PSYoungGen      total 25600K, used 7159K [0x00000000d6100000, 0x00000000d8900000, 0x0000000100000000)
  eden space 18432K, 0% used [0x00000000d6100000,0x00000000d6100000,0x00000000d7300000)
  from space 7168K, 99% used [0x00000000d7300000,0x00000000d79fde58,0x00000000d7a00000)
  to   space 9216K, 0% used [0x00000000d8000000,0x00000000d8000000,0x00000000d8900000)
 ParOldGen       total 26624K, used 19782K [0x0000000082200000, 0x0000000083c00000, 0x00000000d6100000)
  object space 26624K, 74% used [0x0000000082200000,0x00000000835519f8,0x0000000083c00000)
 Metaspace       used 8178K, capacity 8852K, committed 9216K, reserved 1056768K
  class space    used 891K, capacity 912K, committed 1024K, reserved 1048576K
}
Event: 1.370 GC heap before
{Heap before GC invocations=16 (full 2):
 PSYoungGen      total 25600K, used 25591K [0x00000000d6100000, 0x00000000d8900000, 0x0000000100000000)
  eden space 18432K, 100% used [0x00000000d6100000,0x00000000d7300000,0x00000000d7300000)
  from space 7168K, 99% used [0x00000000d7300000,0x00000000d79fde58,0x00000000d7a00000)
  to   space 9216K, 0% used [0x00000000d8000000,0x00000000d8000000,0x00000000d8900000)
 ParOldGen       total 26624K, used 19782K [0x0000000082200000, 0x0000000083c00000, 0x00000000d6100000)
  object space 26624K, 74% used [0x0000000082200000,0x00000000835519f8,0x0000000083c00000)
 Metaspace       used 9456K, capacity 9886K, committed 10112K, reserved 1058816K
  class space    used 1010K, capacity 1042K, committed 1152K, reserved 1048576K
Event: 1.382 GC heap after
Heap after GC invocations=16 (full 2):
 PSYoungGen      total 30720K, used 3977K [0x00000000d6100000, 0x00000000d8880000, 0x0000000100000000)
  eden space 22016K, 0% used [0x00000000d6100000,0x00000000d6100000,0x00000000d7680000)
  from space 8704K, 45% used [0x00000000d8000000,0x00000000d83e26b8,0x00000000d8880000)
  to   space 9216K, 0% used [0x00000000d7680000,0x00000000d7680000,0x00000000d7f80000)
 ParOldGen       total 27136K, used 26873K [0x0000000082200000, 0x0000000083c80000, 0x00000000d6100000)
  object space 27136K, 99% used [0x0000000082200000,0x0000000083c3e6a8,0x0000000083c80000)
 Metaspace       used 9456K, capacity 9886K, committed 10112K, reserved 1058816K
  class space    used 1010K, capacity 1042K, committed 1152K, reserved 1048576K
}
Event: 1.382 GC heap before
{Heap before GC invocations=17 (full 3):
 PSYoungGen      total 30720K, used 3977K [0x00000000d6100000, 0x00000000d8880000, 0x0000000100000000)
  eden space 22016K, 0% used [0x00000000d6100000,0x00000000d6100000,0x00000000d7680000)
  from space 8704K, 45% used [0x00000000d8000000,0x00000000d83e26b8,0x00000000d8880000)
  to   space 9216K, 0% used [0x00000000d7680000,0x00000000d7680000,0x00000000d7f80000)
 ParOldGen       total 27136K, used 26873K [0x0000000082200000, 0x0000000083c80000, 0x00000000d6100000)
  object space 27136K, 99% used [0x0000000082200000,0x0000000083c3e6a8,0x0000000083c80000)
 Metaspace       used 9456K, capacity 9886K, committed 10112K, reserved 1058816K
  class space    used 1010K, capacity 1042K, committed 1152K, reserved 1048576K
Event: 1.488 GC heap after
Heap after GC invocations=17 (full 3):
 PSYoungGen      total 30720K, used 1135K [0x00000000d6100000, 0x00000000d8880000, 0x0000000100000000)
  eden space 22016K, 0% used [0x00000000d6100000,0x00000000d6100000,0x00000000d7680000)
  from space 8704K, 13% used [0x00000000d8000000,0x00000000d811bc50,0x00000000d8880000)
  to   space 9216K, 0% used [0x00000000d7680000,0x00000000d7680000,0x00000000d7f80000)
 ParOldGen       total 40448K, used 26705K [0x0000000082200000, 0x0000000084980000, 0x00000000d6100000)
  object space 40448K, 66% used [0x0000000082200000,0x0000000083c14490,0x0000000084980000)
 Metaspace       used 9456K, capacity 9886K, committed 10112K, reserved 1058816K
  class space    used 1010K, capacity 1042K, committed 1152K, reserved 1048576K
}

Deoptimization events (10 events):
Event: 1.533 Thread 0x00000000028ce800 Uncommon trap: reason=unstable_if action=reinterpret pc=0x00000000030c6c7c method=java.util.HashMap.getNode(ILjava/lang/Object;)Ljava/util/HashMap$Node; @ 62
Event: 1.533 Thread 0x00000000028ce800 Uncommon trap: reason=class_check action=maybe_recompile pc=0x0000000003367a64 method=java.util.HashMap.putVal(ILjava/lang/Object;Ljava/lang/Object;ZZ)Ljava/lang/Object; @ 91
Event: 1.625 Thread 0x00000000028ce800 Uncommon trap: reason=unstable_if action=reinterpret pc=0x000000000306410c method=java.util.HashMap.getNode(ILjava/lang/Object;)Ljava/util/HashMap$Node; @ 62
Event: 1.625 Thread 0x00000000028ce800 Uncommon trap: reason=class_check action=maybe_recompile pc=0x0000000003362ec4 method=java.util.HashMap.putVal(ILjava/lang/Object;Ljava/lang/Object;ZZ)Ljava/lang/Object; @ 91
Event: 1.628 Thread 0x00000000028ce800 Uncommon trap: reason=unstable_if action=reinterpret pc=0x000000000340447c method=com.sun.tools.javac.code.Symbol.getDeclarationAttributes()Lcom/sun/tools/javac/util/List; @ 4
Event: 1.628 Thread 0x00000000028ce800 Uncommon trap: reason=class_check action=maybe_recompile pc=0x00000000034049c4 method=com.sun.tools.javac.code.Lint$AugmentVisitor.augment(Lcom/sun/tools/javac/code/Lint;Lcom/sun/tools/javac/util/List;)Lcom/sun/tools/javac/code/Lint; @ 20
Event: 1.632 Thread 0x00000000028ce800 Uncommon trap: reason=class_check action=maybe_recompile pc=0x00000000034049c4 method=com.sun.tools.javac.code.Lint$AugmentVisitor.augment(Lcom/sun/tools/javac/code/Lint;Lcom/sun/tools/javac/util/List;)Lcom/sun/tools/javac/code/Lint; @ 20
Event: 1.632 Thread 0x00000000028ce800 Uncommon trap: reason=class_check action=maybe_recompile pc=0x00000000034049c4 method=com.sun.tools.javac.code.Lint$AugmentVisitor.augment(Lcom/sun/tools/javac/code/Lint;Lcom/sun/tools/javac/util/List;)Lcom/sun/tools/javac/code/Lint; @ 20
Event: 1.632 Thread 0x00000000028ce800 Uncommon trap: reason=class_check action=maybe_recompile pc=0x00000000034049c4 method=com.sun.tools.javac.code.Lint$AugmentVisitor.augment(Lcom/sun/tools/javac/code/Lint;Lcom/sun/tools/javac/util/List;)Lcom/sun/tools/javac/code/Lint; @ 20
Event: 1.643 Thread 0x00000000028ce800 Uncommon trap: reason=unstable_if action=reinterpret pc=0x000000000344175c method=com.sun.tools.javac.code.Symbol.getRawTypeAttributes()Lcom/sun/tools/javac/util/List; @ 4

Classes redefined (0 events):
No events

Internal exceptions (10 events):
Event: 0.024 Thread 0x00000000028ce800 Exception <a 'java/lang/NoSuchMethodError': Method sun.misc.Unsafe.defineClass(Ljava/lang/String;[BII)Ljava/lang/Class; name or signature does not match> (0x00000000d6107cd8) thrown at [D:\j\worksp~1\openjd~3\jdk8u\hotspot\src\share\vm\prims\jni.cpp, line
Event: 0.024 Thread 0x00000000028ce800 Exception <a 'java/lang/NoSuchMethodError': Method sun.misc.Unsafe.prefetchRead(Ljava/lang/Object;J)V name or signature does not match> (0x00000000d6107fc0) thrown at [D:\j\worksp~1\openjd~3\jdk8u\hotspot\src\share\vm\prims\jni.cpp, line 4012]
Event: 0.103 Thread 0x00000000028ce800 Exception <a 'java/security/PrivilegedActionException'> (0x00000000d6146730) thrown at [D:\j\worksp~1\openjd~3\jdk8u\hotspot\src\share\vm\prims\jvm.cpp, line 1508]
Event: 0.103 Thread 0x00000000028ce800 Exception <a 'java/security/PrivilegedActionException'> (0x00000000d6146b28) thrown at [D:\j\worksp~1\openjd~3\jdk8u\hotspot\src\share\vm\prims\jvm.cpp, line 1508]
Event: 0.103 Thread 0x00000000028ce800 Exception <a 'java/security/PrivilegedActionException'> (0x00000000d614aff0) thrown at [D:\j\worksp~1\openjd~3\jdk8u\hotspot\src\share\vm\prims\jvm.cpp, line 1508]
Event: 0.104 Thread 0x00000000028ce800 Exception <a 'java/security/PrivilegedActionException'> (0x00000000d614b3e8) thrown at [D:\j\worksp~1\openjd~3\jdk8u\hotspot\src\share\vm\prims\jvm.cpp, line 1508]
Event: 0.104 Thread 0x00000000028ce800 Exception <a 'java/security/PrivilegedActionException'> (0x00000000d614cd10) thrown at [D:\j\worksp~1\openjd~3\jdk8u\hotspot\src\share\vm\prims\jvm.cpp, line 1508]
Event: 0.104 Thread 0x00000000028ce800 Exception <a 'java/security/PrivilegedActionException'> (0x00000000d614d108) thrown at [D:\j\worksp~1\openjd~3\jdk8u\hotspot\src\share\vm\prims\jvm.cpp, line 1508]
Event: 0.106 Thread 0x00000000028ce800 Exception <a 'java/security/PrivilegedActionException'> (0x00000000d6183090) thrown at [D:\j\worksp~1\openjd~3\jdk8u\hotspot\src\share\vm\prims\jvm.cpp, line 1508]
Event: 0.106 Thread 0x00000000028ce800 Exception <a 'java/security/PrivilegedActionException'> (0x00000000d6183488) thrown at [D:\j\worksp~1\openjd~3\jdk8u\hotspot\src\share\vm\prims\jvm.cpp, line 1508]

Events (10 events):
Event: 1.632 Thread 0x00000000028ce800 DEOPT PACKING pc=0x00000000034049c4 sp=0x000000000287e4f0
Event: 1.632 Thread 0x00000000028ce800 DEOPT UNPACKING pc=0x0000000002d5557b sp=0x000000000287e480 mode 2
Event: 1.632 Thread 0x00000000028ce800 Uncommon trap: trap_request=0xffffffde fr.pc=0x00000000034049c4
Event: 1.632 Thread 0x00000000028ce800 DEOPT PACKING pc=0x00000000034049c4 sp=0x000000000287e640
Event: 1.632 Thread 0x00000000028ce800 DEOPT UNPACKING pc=0x0000000002d5557b sp=0x000000000287e5d0 mode 2
Event: 1.643 Thread 0x00000000028ce800 Uncommon trap: trap_request=0xffffff65 fr.pc=0x000000000344175c
Event: 1.643 Thread 0x00000000028ce800 DEOPT PACKING pc=0x000000000344175c sp=0x000000000287e3c0
Event: 1.643 Thread 0x00000000028ce800 DEOPT UNPACKING pc=0x0000000002d5557b sp=0x000000000287e360 mode 2
Event: 1.645 Executing VM operation: ForceSafepoint
Event: 1.645 Executing VM operation: ForceSafepoint done


Dynamic libraries:
0x00007ff792780000 - 0x00007ff792787000 	C:\Program Files\Android\Jdk\microsoft_dist_openjdk_1.8.0.25\bin\javac.exe
0x00007ffa52b40000 - 0x00007ffa52d30000 	C:\WINDOWS\SYSTEM32\ntdll.dll
0x00007ffa50dc0000 - 0x00007ffa50e72000 	C:\WINDOWS\System32\KERNEL32.DLL
0x00007ffa50870000 - 0x00007ffa50b13000 	C:\WINDOWS\System32\KERNELBASE.dll
0x0000000065740000 - 0x0000000065811000 	C:\Program Files\Android\Jdk\microsoft_dist_openjdk_1.8.0.25\bin\MSVCR100.dll
0x00007ffa30500000 - 0x00007ffa3052f000 	C:\Program Files\Android\Jdk\microsoft_dist_openjdk_1.8.0.25\bin\jli.dll
0x00007ffa51360000 - 0x00007ffa51403000 	C:\WINDOWS\System32\ADVAPI32.dll
0x00007ffa51590000 - 0x00007ffa5162e000 	C:\WINDOWS\System32\msvcrt.dll
0x00007ffa51630000 - 0x00007ffa516c7000 	C:\WINDOWS\System32\sechost.dll
0x00007ffa51470000 - 0x00007ffa51590000 	C:\WINDOWS\System32\RPCRT4.dll
0x00007ffa51bb0000 - 0x00007ffa51d44000 	C:\WINDOWS\System32\USER32.dll
0x00007ffa4fb90000 - 0x00007ffa4fbb1000 	C:\WINDOWS\System32\win32u.dll
0x00007ffa51dc0000 - 0x00007ffa51de6000 	C:\WINDOWS\System32\GDI32.dll
0x00007ffa3f920000 - 0x00007ffa3fba5000 	C:\WINDOWS\WinSxS\amd64_microsoft.windows.common-controls_6595b64144ccf1df_6.0.18362.778_none_e6c6b761130d4fb8\COMCTL32.dll
0x00007ffa504d0000 - 0x00007ffa50664000 	C:\WINDOWS\System32\gdi32full.dll
0x00007ffa51870000 - 0x00007ffa51ba6000 	C:\WINDOWS\System32\combase.dll
0x00007ffa4fad0000 - 0x00007ffa4fb6e000 	C:\WINDOWS\System32\msvcp_win.dll
0x00007ffa503a0000 - 0x00007ffa5049a000 	C:\WINDOWS\System32\ucrtbase.dll
0x00007ffa50b70000 - 0x00007ffa50bf0000 	C:\WINDOWS\System32\bcryptPrimitives.dll
0x00007ffa51170000 - 0x00007ffa5119e000 	C:\WINDOWS\System32\IMM32.DLL
0x0000000066070000 - 0x0000000066141000 	C:\Program Files\Android\Jdk\microsoft_dist_openjdk_1.8.0.25\jre\bin\msvcr100.dll
0x0000000065820000 - 0x0000000066065000 	C:\Program Files\Android\Jdk\microsoft_dist_openjdk_1.8.0.25\jre\bin\server\jvm.dll
0x00007ffa51160000 - 0x00007ffa51168000 	C:\WINDOWS\System32\PSAPI.DLL
0x00007ffa3c810000 - 0x00007ffa3c819000 	C:\WINDOWS\SYSTEM32\WSOCK32.dll
0x00007ffa4daa0000 - 0x00007ffa4dac4000 	C:\WINDOWS\SYSTEM32\WINMM.dll
0x00007ffa4b4c0000 - 0x00007ffa4b4ca000 	C:\WINDOWS\SYSTEM32\VERSION.dll
0x00007ffa512e0000 - 0x00007ffa5134f000 	C:\WINDOWS\System32\WS2_32.dll
0x00007ffa4d940000 - 0x00007ffa4d96d000 	C:\WINDOWS\SYSTEM32\WINMMBASE.dll
0x00007ffa50b20000 - 0x00007ffa50b6a000 	C:\WINDOWS\System32\cfgmgr32.dll
0x00007ffa4c3d0000 - 0x00007ffa4c3df000 	C:\Program Files\Android\Jdk\microsoft_dist_openjdk_1.8.0.25\jre\bin\verify.dll
0x00007ffa41ed0000 - 0x00007ffa41ef9000 	C:\Program Files\Android\Jdk\microsoft_dist_openjdk_1.8.0.25\jre\bin\java.dll
0x00007ffa3c830000 - 0x00007ffa3c846000 	C:\Program Files\Android\Jdk\microsoft_dist_openjdk_1.8.0.25\jre\bin\zip.dll
0x00007ffa52390000 - 0x00007ffa52a75000 	C:\WINDOWS\System32\SHELL32.dll
0x00007ffa522e0000 - 0x00007ffa52389000 	C:\WINDOWS\System32\shcore.dll
0x00007ffa4fc20000 - 0x00007ffa503a0000 	C:\WINDOWS\System32\windows.storage.dll
0x00007ffa4fa30000 - 0x00007ffa4fa53000 	C:\WINDOWS\System32\profapi.dll
0x00007ffa4fa60000 - 0x00007ffa4faaa000 	C:\WINDOWS\System32\powrprof.dll
0x00007ffa4fa00000 - 0x00007ffa4fa10000 	C:\WINDOWS\System32\UMPDC.dll
0x00007ffa51410000 - 0x00007ffa51462000 	C:\WINDOWS\System32\shlwapi.dll
0x00007ffa4fa10000 - 0x00007ffa4fa21000 	C:\WINDOWS\System32\kernel.appcore.dll
0x00007ffa4fb70000 - 0x00007ffa4fb87000 	C:\WINDOWS\System32\cryptsp.dll

VM Arguments:
jvm_args: -Dapplication.home=C:\Program Files\Android\Jdk\microsoft_dist_openjdk_1.8.0.25 -Xms8m -Dfile.encoding=UTF8 
java_command: com.sun.tools.javac.Main @C:\Users\Admin\AppData\Local\Temp\tmpC25D.tmp
java_class_path (initial): C:\Program Files\Android\Jdk\microsoft_dist_openjdk_1.8.0.25/lib/tools.jar;C:\Program Files\Android\Jdk\microsoft_dist_openjdk_1.8.0.25/classes
Launcher Type: SUN_STANDARD

Environment Variables:
PATH=C:\Program Files\Android\Jdk\microsoft_dist_openjdk_1.8.0.25\bin;C:\WINDOWS\system32;C:\WINDOWS;C:\WINDOWS\System32\Wbem;C:\WINDOWS\System32\WindowsPowerShell\v1.0\;C:\WINDOWS\System32\OpenSSH\;C:\Program Files\nodejs\;C:\Program Files (x86)\Subversion\bin;C:\Program Files\dotnet\;C:\Program Files\Microsoft SQL Server\130\Tools\Binn\;C:\Program Files\VisualSVN Server\bin;C:\Program Files\Microsoft SQL Server\Client SDK\ODBC\170\Tools\Binn\;C:\Program Files (x86)\Microsoft SQL Server\100\Tools\Binn\;C:\Program Files (x86)\Microsoft SQL Server\100\DTS\Binn\;C:\Program Files (x86)\Microsoft SQL Server\100\Tools\Binn\VSShell\Common7\IDE\;C:\Program Files (x86)\Microsoft Visual Studio 9.0\Common7\IDE\PrivateAssemblies\;C:\Program Files\TortoiseSVN\bin;C:\Go\bin;C:\Program Files\Git\cmd;C:\Users\Admin\AppData\Local\Microsoft\WindowsApps;C:\Users\Admin\AppData\Local\Programs\Microsoft VS Code\bin;C:\Users\Admin\AppData\Roaming\npm;C:\Users\Admin\.dotnet\tools;C:\Users\Admin\AppData\Local\Programs\Fiddler;C:\Users\Admin\AppData\Local\Microsoft\WindowsApps;F:\go-ipfs;C:\Go\bin;
USERNAME=Admin
OS=Windows_NT
PROCESSOR_IDENTIFIER=Intel64 Family 6 Model 158 Stepping 12, GenuineIntel



---------------  S Y S T E M  ---------------

OS: Windows 10.0 , 64 bit Build 18362 (10.0.18362.778)

CPU:total 6 (initial active 6) (6 cores per cpu, 1 threads per core) family 6 model 158 stepping 12, cmov, cx8, fxsr, mmx, sse, sse2, sse3, ssse3, sse4.1, sse4.2, popcnt, avx, avx2, aes, clmul, erms, 3dnowpref, lzcnt, tsc, tscinvbit, bmi1, bmi2, adx

Memory: 4k page, physical 8248244k(542496k free), swap 16636852k(6984k free)

vm_info: OpenJDK 64-Bit Server VM (25.71-b00) for windows-amd64 JRE (1.8.0-25-microsoft-b00), built on Feb  7 2019 20:09:14 by "builder" with MS VC++ 10.0 (VS2010)

time: Fri Apr 17 19:14:47 2020
timezone: 中国标准时间
elapsed time: 1 seconds (0d 0h 0m 1s)

