#
# There is insufficient memory for the Java Runtime Environment to continue.
# Native memory allocation (malloc) failed to allocate 406016 bytes for Chunk::new
# Possible reasons:
#   The system is out of physical RAM or swap space
#   The process is running with CompressedOops enabled, and the Java Heap may be blocking the growth of the native heap
# Possible solutions:
#   Reduce memory load on the system
#   Increase physical memory or swap space
#   Check if swap backing store is full
#   Decrease Java heap size (-Xmx/-Xms)
#   Decrease number of Java threads
#   Decrease Java thread stack sizes (-Xss)
#   Set larger code cache with -XX:ReservedCodeCacheSize=
#   JVM is running with Unscaled Compressed Oops mode in which the Java heap is
#     placed in the first 4GB address space. The Java Heap base address is the
#     maximum limit for the native heap growth. Please use -XX:HeapBaseMinAddress
#     to set the Java Heap base and to place the Java Heap above 4GB virtual address.
# This output file may be truncated or incomplete.
#
#  Out of Memory Error (allocation.cpp:389), pid=20312, tid=0x0000000000002f14
#
# JRE version: OpenJDK Runtime Environment (8.0) (build 1.8.0-25-microsoft-b00)
# Java VM: OpenJDK 64-Bit Server VM (25.71-b00 mixed mode windows-amd64 compressed oops)
# Failed to write core dump. Minidumps are not enabled by default on client versions of Windows
#

---------------  T H R E A D  ---------------

Current thread (0x000000001948f000):  JavaThread "C2 CompilerThread1" daemon [_thread_in_native, id=12052, stack(0x0000000019b40000,0x0000000019c40000)]

Stack: [0x0000000019b40000,0x0000000019c40000]
[error occurred during error reporting (printing stack bounds), id 0xc0000005]

Native frames: (J=compiled Java code, j=interpreted, Vv=VM code, C=native code)


Current CompileTask:
C2:    514  559       4       com.sun.tools.javac.parser.JavacParser::term3 (2502 bytes)


---------------  P R O C E S S  ---------------

Java Threads: ( => current thread )
  0x0000000019513800 JavaThread "Service Thread" daemon [_thread_blocked, id=14996, stack(0x0000000019d40000,0x0000000019e40000)]
  0x000000001949d800 JavaThread "C1 CompilerThread2" daemon [_thread_blocked, id=3872, stack(0x0000000019c40000,0x0000000019d40000)]
=>0x000000001948f000 JavaThread "C2 CompilerThread1" daemon [_thread_in_native, id=12052, stack(0x0000000019b40000,0x0000000019c40000)]
  0x0000000017ae3000 JavaThread "C2 CompilerThread0" daemon [_thread_in_native, id=18324, stack(0x0000000019a40000,0x0000000019b40000)]
  0x0000000017ae2000 JavaThread "Attach Listener" daemon [_thread_blocked, id=5040, stack(0x0000000019940000,0x0000000019a40000)]
  0x000000001948b800 JavaThread "Signal Dispatcher" daemon [_thread_blocked, id=15796, stack(0x0000000019840000,0x0000000019940000)]
  0x0000000002dbe000 JavaThread "Finalizer" daemon [_thread_blocked, id=19104, stack(0x0000000019340000,0x0000000019440000)]
  0x0000000002db6800 JavaThread "Reference Handler" daemon [_thread_blocked, id=22964, stack(0x0000000019240000,0x0000000019340000)]
  0x0000000000f7e800 JavaThread "main" [_thread_in_Java, id=9812, stack(0x00000000027f0000,0x00000000028f0000)]

Other Threads:
  0x0000000017a98000 VMThread [stack: 0x0000000019140000,0x0000000019240000] [id=16208]
  0x0000000019514800 WatcherThread [stack: 0x0000000019e40000,0x0000000019f40000] [id=19944]

VM state:not at safepoint (normal execution)

VM Mutex/Monitor currently owned by a thread: None

heap address: 0x0000000082200000, size: 2014 MB, Compressed Oops mode: 32-bit
Narrow klass base: 0x0000000000000000, Narrow klass shift: 3
Compressed class space size: 1073741824 Address: 0x0000000100000000

Heap:
 PSYoungGen      total 12288K, used 5756K [0x00000000d6100000, 0x00000000d7200000, 0x0000000100000000)
  eden space 10240K, 36% used [0x00000000d6100000,0x00000000d64a3928,0x00000000d6b00000)
  from space 2048K, 99% used [0x00000000d6e00000,0x00000000d6ffb7d8,0x00000000d7000000)
  to   space 3072K, 0% used [0x00000000d6b00000,0x00000000d6b00000,0x00000000d6e00000)
 ParOldGen       total 5632K, used 3781K [0x0000000082200000, 0x0000000082780000, 0x00000000d6100000)
  object space 5632K, 67% used [0x0000000082200000,0x00000000825b1478,0x0000000082780000)
 Metaspace       used 7434K, capacity 8244K, committed 8320K, reserved 1056768K
  class space    used 863K, capacity 880K, committed 896K, reserved 1048576K

Card table byte_map: [0x0000000012180000,0x0000000012570000] byte_map_base: 0x0000000011d6f000

Marking Bits: (ParMarkBitMap*) 0x0000000065fe8f30
 Begin Bits: [0x0000000012e10000, 0x0000000014d88000)
 End Bits:   [0x0000000014d88000, 0x0000000016d00000)

Polling page: 0x0000000000f60000

CodeCache: size=245760Kb used=2919Kb max_used=2919Kb free=242840Kb
 bounds [0x0000000002dc0000, 0x00000000030a0000, 0x0000000011dc0000]
 total_blobs=859 nmethods=570 adapters=203
 compilation: enabled

Compilation events (10 events):
Event: 0.504 Thread 0x000000001949d800 nmethod 571% 0x0000000003088ad0 code [0x00000000030894a0, 0x00000000030900a8]
Event: 0.508 Thread 0x000000001949d800  574       2       com.sun.tools.javac.util.List::isEmpty (13 bytes)
Event: 0.508 Thread 0x000000001949d800 nmethod 574 0x000000000307b0d0 code [0x000000000307b220, 0x000000000307b390]
Event: 0.509 Thread 0x000000001949d800  575   !   2       com.sun.tools.javac.parser.JavaTokenizer$BasicComment::scanDocComment (527 bytes)
Event: 0.510 Thread 0x000000001949d800 nmethod 575 0x0000000003085050 code [0x00000000030852c0, 0x0000000003085bb8]
Event: 0.511 Thread 0x000000001949d800  576 % !   3       com.sun.tools.javac.parser.JavaTokenizer$BasicComment::scanDocComment @ 387 (527 bytes)
Event: 0.512 Thread 0x000000001949d800 nmethod 576% 0x0000000003080190 code [0x00000000030804a0, 0x0000000003081938]
Event: 0.512 Thread 0x000000001949d800  577       2       com.sun.tools.javac.parser.UnicodeReader::<init> (102 bytes)
Event: 0.512 Thread 0x000000001949d800 nmethod 577 0x0000000003095a50 code [0x0000000003095be0, 0x00000000030960b8]
Event: 0.512 Thread 0x000000001949d800  579 % !   3       com.sun.tools.javac.parser.JavaTokenizer$BasicComment::scanDocComment @ 37 (527 bytes)

GC Heap History (10 events):
Event: 0.215 GC heap before
{Heap before GC invocations=4 (full 0):
 PSYoungGen      total 2048K, used 2035K [0x00000000d6100000, 0x00000000d6500000, 0x0000000100000000)
  eden space 1536K, 99% used [0x00000000d6100000,0x00000000d627ecb8,0x00000000d6280000)
  from space 512K, 98% used [0x00000000d6280000,0x00000000d62fe030,0x00000000d6300000)
  to   space 512K, 0% used [0x00000000d6480000,0x00000000d6480000,0x00000000d6500000)
 ParOldGen       total 5632K, used 760K [0x0000000082200000, 0x0000000082780000, 0x00000000d6100000)
  object space 5632K, 13% used [0x0000000082200000,0x00000000822be020,0x0000000082780000)
 Metaspace       used 4870K, capacity 6124K, committed 6272K, reserved 1056768K
  class space    used 560K, capacity 616K, committed 640K, reserved 1048576K
Event: 0.216 GC heap after
Heap after GC invocations=4 (full 0):
 PSYoungGen      total 3584K, used 504K [0x00000000d6100000, 0x00000000d6500000, 0x0000000100000000)
  eden space 3072K, 0% used [0x00000000d6100000,0x00000000d6100000,0x00000000d6400000)
  from space 512K, 98% used [0x00000000d6480000,0x00000000d64fe030,0x00000000d6500000)
  to   space 512K, 0% used [0x00000000d6400000,0x00000000d6400000,0x00000000d6480000)
 ParOldGen       total 5632K, used 928K [0x0000000082200000, 0x0000000082780000, 0x00000000d6100000)
  object space 5632K, 16% used [0x0000000082200000,0x00000000822e8030,0x0000000082780000)
 Metaspace       used 4870K, capacity 6124K, committed 6272K, reserved 1056768K
  class space    used 560K, capacity 616K, committed 640K, reserved 1048576K
}
Event: 0.273 GC heap before
{Heap before GC invocations=5 (full 0):
 PSYoungGen      total 3584K, used 3576K [0x00000000d6100000, 0x00000000d6500000, 0x0000000100000000)
  eden space 3072K, 100% used [0x00000000d6100000,0x00000000d6400000,0x00000000d6400000)
  from space 512K, 98% used [0x00000000d6480000,0x00000000d64fe030,0x00000000d6500000)
  to   space 512K, 0% used [0x00000000d6400000,0x00000000d6400000,0x00000000d6480000)
 ParOldGen       total 5632K, used 928K [0x0000000082200000, 0x0000000082780000, 0x00000000d6100000)
  object space 5632K, 16% used [0x0000000082200000,0x00000000822e8030,0x0000000082780000)
 Metaspace       used 5848K, capacity 7020K, committed 7168K, reserved 1056768K
  class space    used 703K, capacity 744K, committed 768K, reserved 1048576K
Event: 0.274 GC heap after
Heap after GC invocations=5 (full 0):
 PSYoungGen      total 3584K, used 496K [0x00000000d6100000, 0x00000000d6900000, 0x0000000100000000)
  eden space 3072K, 0% used [0x00000000d6100000,0x00000000d6100000,0x00000000d6400000)
  from space 512K, 96% used [0x00000000d6400000,0x00000000d647c040,0x00000000d6480000)
  to   space 1024K, 0% used [0x00000000d6800000,0x00000000d6800000,0x00000000d6900000)
 ParOldGen       total 5632K, used 1080K [0x0000000082200000, 0x0000000082780000, 0x00000000d6100000)
  object space 5632K, 19% used [0x0000000082200000,0x000000008230e050,0x0000000082780000)
 Metaspace       used 5848K, capacity 7020K, committed 7168K, reserved 1056768K
  class space    used 703K, capacity 744K, committed 768K, reserved 1048576K
}
Event: 0.367 GC heap before
{Heap before GC invocations=6 (full 0):
 PSYoungGen      total 3584K, used 3568K [0x00000000d6100000, 0x00000000d6900000, 0x0000000100000000)
  eden space 3072K, 100% used [0x00000000d6100000,0x00000000d6400000,0x00000000d6400000)
  from space 512K, 96% used [0x00000000d6400000,0x00000000d647c040,0x00000000d6480000)
  to   space 1024K, 0% used [0x00000000d6800000,0x00000000d6800000,0x00000000d6900000)
 ParOldGen       total 5632K, used 1080K [0x0000000082200000, 0x0000000082780000, 0x00000000d6100000)
  object space 5632K, 19% used [0x0000000082200000,0x000000008230e050,0x0000000082780000)
 Metaspace       used 6947K, capacity 7860K, committed 8064K, reserved 1056768K
  class space    used 828K, capacity 880K, committed 896K, reserved 1048576K
Event: 0.369 GC heap after
Heap after GC invocations=6 (full 0):
 PSYoungGen      total 6656K, used 1000K [0x00000000d6100000, 0x00000000d6a00000, 0x0000000100000000)
  eden space 5632K, 0% used [0x00000000d6100000,0x00000000d6100000,0x00000000d6680000)
  from space 1024K, 97% used [0x00000000d6800000,0x00000000d68fa020,0x00000000d6900000)
  to   space 1536K, 0% used [0x00000000d6680000,0x00000000d6680000,0x00000000d6800000)
 ParOldGen       total 5632K, used 1292K [0x0000000082200000, 0x0000000082780000, 0x00000000d6100000)
  object space 5632K, 22% used [0x0000000082200000,0x0000000082343330,0x0000000082780000)
 Metaspace       used 6947K, capacity 7860K, committed 8064K, reserved 1056768K
  class space    used 828K, capacity 880K, committed 896K, reserved 1048576K
}
Event: 0.466 GC heap before
{Heap before GC invocations=7 (full 0):
 PSYoungGen      total 6656K, used 6632K [0x00000000d6100000, 0x00000000d6a00000, 0x0000000100000000)
  eden space 5632K, 100% used [0x00000000d6100000,0x00000000d6680000,0x00000000d6680000)
  from space 1024K, 97% used [0x00000000d6800000,0x00000000d68fa020,0x00000000d6900000)
  to   space 1536K, 0% used [0x00000000d6680000,0x00000000d6680000,0x00000000d6800000)
 ParOldGen       total 5632K, used 1292K [0x0000000082200000, 0x0000000082780000, 0x00000000d6100000)
  object space 5632K, 22% used [0x0000000082200000,0x0000000082343330,0x0000000082780000)
 Metaspace       used 7428K, capacity 8244K, committed 8320K, reserved 1056768K
  class space    used 863K, capacity 880K, committed 896K, reserved 1048576K
Event: 0.468 GC heap after
Heap after GC invocations=7 (full 0):
 PSYoungGen      total 7168K, used 1533K [0x00000000d6100000, 0x00000000d7000000, 0x0000000100000000)
  eden space 5632K, 0% used [0x00000000d6100000,0x00000000d6100000,0x00000000d6680000)
  from space 1536K, 99% used [0x00000000d6680000,0x00000000d67ff668,0x00000000d6800000)
  to   space 2048K, 0% used [0x00000000d6e00000,0x00000000d6e00000,0x00000000d7000000)
 ParOldGen       total 5632K, used 2211K [0x0000000082200000, 0x0000000082780000, 0x00000000d6100000)
  object space 5632K, 39% used [0x0000000082200000,0x0000000082428c10,0x0000000082780000)
 Metaspace       used 7428K, capacity 8244K, committed 8320K, reserved 1056768K
  class space    used 863K, capacity 880K, committed 896K, reserved 1048576K
}
Event: 0.496 GC heap before
{Heap before GC invocations=8 (full 0):
 PSYoungGen      total 7168K, used 6779K [0x00000000d6100000, 0x00000000d7000000, 0x0000000100000000)
  eden space 5632K, 93% used [0x00000000d6100000,0x00000000d661f5f8,0x00000000d6680000)
  from space 1536K, 99% used [0x00000000d6680000,0x00000000d67ff668,0x00000000d6800000)
  to   space 2048K, 0% used [0x00000000d6e00000,0x00000000d6e00000,0x00000000d7000000)
 ParOldGen       total 5632K, used 2211K [0x0000000082200000, 0x0000000082780000, 0x00000000d6100000)
  object space 5632K, 39% used [0x0000000082200000,0x0000000082428c10,0x0000000082780000)
 Metaspace       used 7431K, capacity 8244K, committed 8320K, reserved 1056768K
  class space    used 863K, capacity 880K, committed 896K, reserved 1048576K
Event: 0.500 GC heap after
Heap after GC invocations=8 (full 0):
 PSYoungGen      total 12288K, used 2029K [0x00000000d6100000, 0x00000000d7200000, 0x0000000100000000)
  eden space 10240K, 0% used [0x00000000d6100000,0x00000000d6100000,0x00000000d6b00000)
  from space 2048K, 99% used [0x00000000d6e00000,0x00000000d6ffb7d8,0x00000000d7000000)
  to   space 3072K, 0% used [0x00000000d6b00000,0x00000000d6b00000,0x00000000d6e00000)
 ParOldGen       total 5632K, used 3781K [0x0000000082200000, 0x0000000082780000, 0x00000000d6100000)
  object space 5632K, 67% used [0x0000000082200000,0x00000000825b1478,0x0000000082780000)
 Metaspace       used 7431K, capacity 8244K, committed 8320K, reserved 1056768K
  class space    used 863K, capacity 880K, committed 896K, reserved 1048576K
}

Deoptimization events (8 events):
Event: 0.126 Thread 0x0000000000f7e800 Uncommon trap: reason=unstable_if action=reinterpret pc=0x0000000002f0c0a4 method=java.io.BufferedReader.read()I @ 19
Event: 0.366 Thread 0x0000000000f7e800 Uncommon trap: reason=unstable_if action=reinterpret pc=0x0000000002f4819c method=java.lang.String.replace(CC)Ljava/lang/String; @ 26
Event: 0.406 Thread 0x0000000000f7e800 Uncommon trap: reason=unstable_if action=reinterpret pc=0x0000000002fcd158 method=com.sun.tools.javac.parser.UnicodeReader.scanChar()V @ 37
Event: 0.407 Thread 0x0000000000f7e800 Uncommon trap: reason=unstable_if action=reinterpret pc=0x0000000002fd0a94 method=com.sun.tools.javac.parser.UnicodeReader.scanChar()V @ 37
Event: 0.407 Thread 0x0000000000f7e800 Uncommon trap: reason=unstable_if action=reinterpret pc=0x0000000002f76930 method=java.lang.String.<init>([CII)V @ 18
Event: 0.445 Thread 0x0000000000f7e800 Uncommon trap: reason=unstable_if action=reinterpret pc=0x0000000002ff4974 method=com.sun.tools.javac.util.ArrayUtils.ensureCapacity([CI)[C @ 3
Event: 0.445 Thread 0x0000000000f7e800 Uncommon trap: reason=unstable_if action=reinterpret pc=0x0000000002fcd5c8 method=com.sun.tools.javac.parser.UnicodeReader.scanChar()V @ 37
Event: 0.500 Thread 0x0000000000f7e800 Uncommon trap: reason=unstable_if action=reinterpret pc=0x00000000030872f0 method=sun.nio.cs.UTF_8$Decoder.decodeArrayLoop(Ljava/nio/ByteBuffer;Ljava/nio/CharBuffer;)Ljava/nio/charset/CoderResult; @ 84

Classes redefined (0 events):
No events

Internal exceptions (10 events):
Event: 0.026 Thread 0x0000000000f7e800 Exception <a 'java/lang/NoSuchMethodError': Method sun.misc.Unsafe.defineClass(Ljava/lang/String;[BII)Ljava/lang/Class; name or signature does not match> (0x00000000d6107cd8) thrown at [D:\j\worksp~1\openjd~3\jdk8u\hotspot\src\share\vm\prims\jni.cpp, line
Event: 0.026 Thread 0x0000000000f7e800 Exception <a 'java/lang/NoSuchMethodError': Method sun.misc.Unsafe.prefetchRead(Ljava/lang/Object;J)V name or signature does not match> (0x00000000d6107fc0) thrown at [D:\j\worksp~1\openjd~3\jdk8u\hotspot\src\share\vm\prims\jni.cpp, line 4012]
Event: 0.105 Thread 0x0000000000f7e800 Exception <a 'java/security/PrivilegedActionException'> (0x00000000d6146700) thrown at [D:\j\worksp~1\openjd~3\jdk8u\hotspot\src\share\vm\prims\jvm.cpp, line 1508]
Event: 0.105 Thread 0x0000000000f7e800 Exception <a 'java/security/PrivilegedActionException'> (0x00000000d6146af8) thrown at [D:\j\worksp~1\openjd~3\jdk8u\hotspot\src\share\vm\prims\jvm.cpp, line 1508]
Event: 0.106 Thread 0x0000000000f7e800 Exception <a 'java/security/PrivilegedActionException'> (0x00000000d614afb8) thrown at [D:\j\worksp~1\openjd~3\jdk8u\hotspot\src\share\vm\prims\jvm.cpp, line 1508]
Event: 0.106 Thread 0x0000000000f7e800 Exception <a 'java/security/PrivilegedActionException'> (0x00000000d614b3b0) thrown at [D:\j\worksp~1\openjd~3\jdk8u\hotspot\src\share\vm\prims\jvm.cpp, line 1508]
Event: 0.106 Thread 0x0000000000f7e800 Exception <a 'java/security/PrivilegedActionException'> (0x00000000d614ccd8) thrown at [D:\j\worksp~1\openjd~3\jdk8u\hotspot\src\share\vm\prims\jvm.cpp, line 1508]
Event: 0.106 Thread 0x0000000000f7e800 Exception <a 'java/security/PrivilegedActionException'> (0x00000000d614d0d0) thrown at [D:\j\worksp~1\openjd~3\jdk8u\hotspot\src\share\vm\prims\jvm.cpp, line 1508]
Event: 0.109 Thread 0x0000000000f7e800 Exception <a 'java/security/PrivilegedActionException'> (0x00000000d6183050) thrown at [D:\j\worksp~1\openjd~3\jdk8u\hotspot\src\share\vm\prims\jvm.cpp, line 1508]
Event: 0.109 Thread 0x0000000000f7e800 Exception <a 'java/security/PrivilegedActionException'> (0x00000000d6183448) thrown at [D:\j\worksp~1\openjd~3\jdk8u\hotspot\src\share\vm\prims\jvm.cpp, line 1508]

Events (10 events):
Event: 0.480 Thread 0x0000000000f7e800 DEOPT UNPACKING pc=0x0000000002e075d0 sp=0x00000000028eed68 mode 0
Event: 0.484 Thread 0x0000000000f7e800 DEOPT PACKING pc=0x0000000003065aba sp=0x00000000028ef100
Event: 0.484 Thread 0x0000000000f7e800 DEOPT UNPACKING pc=0x0000000002e075d0 sp=0x00000000028eee30 mode 0
Event: 0.496 Executing VM operation: ParallelGCFailedAllocation
Event: 0.500 Executing VM operation: ParallelGCFailedAllocation done
Event: 0.500 Thread 0x0000000000f7e800 Uncommon trap: trap_request=0xffffff65 fr.pc=0x00000000030872f0
Event: 0.500 Thread 0x0000000000f7e800 DEOPT PACKING pc=0x00000000030872f0 sp=0x00000000028ef070
Event: 0.500 Thread 0x0000000000f7e800 DEOPT UNPACKING pc=0x0000000002e0557b sp=0x00000000028eeff0 mode 2
Event: 0.512 Thread 0x0000000000f7e800 DEOPT PACKING pc=0x000000000308599f sp=0x00000000028ee9e0
Event: 0.512 Thread 0x0000000000f7e800 DEOPT UNPACKING pc=0x0000000002e075d0 sp=0x00000000028ee728 mode 0


Dynamic libraries:
0x00007ff792780000 - 0x00007ff792787000 	C:\Program Files\Android\Jdk\microsoft_dist_openjdk_1.8.0.25\bin\javac.exe
0x00007ffa52b40000 - 0x00007ffa52d30000 	C:\WINDOWS\SYSTEM32\ntdll.dll
0x00007ffa50dc0000 - 0x00007ffa50e72000 	C:\WINDOWS\System32\KERNEL32.DLL
0x00007ffa50870000 - 0x00007ffa50b13000 	C:\WINDOWS\System32\KERNELBASE.dll
0x00007ffa30500000 - 0x00007ffa3052f000 	C:\Program Files\Android\Jdk\microsoft_dist_openjdk_1.8.0.25\bin\jli.dll
0x00007ffa51360000 - 0x00007ffa51403000 	C:\WINDOWS\System32\ADVAPI32.dll
0x00007ffa51590000 - 0x00007ffa5162e000 	C:\WINDOWS\System32\msvcrt.dll
0x00007ffa51630000 - 0x00007ffa516c7000 	C:\WINDOWS\System32\sechost.dll
0x00007ffa51470000 - 0x00007ffa51590000 	C:\WINDOWS\System32\RPCRT4.dll
0x00007ffa51bb0000 - 0x00007ffa51d44000 	C:\WINDOWS\System32\USER32.dll
0x00007ffa4fb90000 - 0x00007ffa4fbb1000 	C:\WINDOWS\System32\win32u.dll
0x00007ffa51dc0000 - 0x00007ffa51de6000 	C:\WINDOWS\System32\GDI32.dll
0x00007ffa3f920000 - 0x00007ffa3fba5000 	C:\WINDOWS\WinSxS\amd64_microsoft.windows.common-controls_6595b64144ccf1df_6.0.18362.778_none_e6c6b761130d4fb8\COMCTL32.dll
0x00007ffa504d0000 - 0x00007ffa50664000 	C:\WINDOWS\System32\gdi32full.dll
0x00007ffa51870000 - 0x00007ffa51ba6000 	C:\WINDOWS\System32\combase.dll
0x00007ffa4fad0000 - 0x00007ffa4fb6e000 	C:\WINDOWS\System32\msvcp_win.dll
0x00007ffa503a0000 - 0x00007ffa5049a000 	C:\WINDOWS\System32\ucrtbase.dll
0x00007ffa50b70000 - 0x00007ffa50bf0000 	C:\WINDOWS\System32\bcryptPrimitives.dll
0x0000000065740000 - 0x0000000065811000 	C:\Program Files\Android\Jdk\microsoft_dist_openjdk_1.8.0.25\bin\MSVCR100.dll
0x00007ffa51170000 - 0x00007ffa5119e000 	C:\WINDOWS\System32\IMM32.DLL
0x0000000066070000 - 0x0000000066141000 	C:\Program Files\Android\Jdk\microsoft_dist_openjdk_1.8.0.25\jre\bin\msvcr100.dll
0x0000000065820000 - 0x0000000066065000 	C:\Program Files\Android\Jdk\microsoft_dist_openjdk_1.8.0.25\jre\bin\server\jvm.dll
0x00007ffa51160000 - 0x00007ffa51168000 	C:\WINDOWS\System32\PSAPI.DLL
0x00007ffa3c810000 - 0x00007ffa3c819000 	C:\WINDOWS\SYSTEM32\WSOCK32.dll
0x00007ffa4b4c0000 - 0x00007ffa4b4ca000 	C:\WINDOWS\SYSTEM32\VERSION.dll
0x00007ffa4daa0000 - 0x00007ffa4dac4000 	C:\WINDOWS\SYSTEM32\WINMM.dll
0x00007ffa512e0000 - 0x00007ffa5134f000 	C:\WINDOWS\System32\WS2_32.dll
0x00007ffa4d940000 - 0x00007ffa4d96d000 	C:\WINDOWS\SYSTEM32\winmmbase.dll
0x00007ffa50b20000 - 0x00007ffa50b6a000 	C:\WINDOWS\System32\cfgmgr32.dll
0x00007ffa4c3d0000 - 0x00007ffa4c3df000 	C:\Program Files\Android\Jdk\microsoft_dist_openjdk_1.8.0.25\jre\bin\verify.dll
0x00007ffa41ed0000 - 0x00007ffa41ef9000 	C:\Program Files\Android\Jdk\microsoft_dist_openjdk_1.8.0.25\jre\bin\java.dll
0x00007ffa3c830000 - 0x00007ffa3c846000 	C:\Program Files\Android\Jdk\microsoft_dist_openjdk_1.8.0.25\jre\bin\zip.dll
0x00007ffa52390000 - 0x00007ffa52a75000 	C:\WINDOWS\System32\SHELL32.dll
0x00007ffa522e0000 - 0x00007ffa52389000 	C:\WINDOWS\System32\shcore.dll
0x00007ffa4fc20000 - 0x00007ffa503a0000 	C:\WINDOWS\System32\windows.storage.dll
0x00007ffa4fa30000 - 0x00007ffa4fa53000 	C:\WINDOWS\System32\profapi.dll
0x00007ffa4fa60000 - 0x00007ffa4faaa000 	C:\WINDOWS\System32\powrprof.dll
0x00007ffa4fa00000 - 0x00007ffa4fa10000 	C:\WINDOWS\System32\UMPDC.dll
0x00007ffa51410000 - 0x00007ffa51462000 	C:\WINDOWS\System32\shlwapi.dll
0x00007ffa4fa10000 - 0x00007ffa4fa21000 	C:\WINDOWS\System32\kernel.appcore.dll
0x00007ffa4fb70000 - 0x00007ffa4fb87000 	C:\WINDOWS\System32\cryptsp.dll

VM Arguments:
jvm_args: -Dapplication.home=C:\Program Files\Android\Jdk\microsoft_dist_openjdk_1.8.0.25 -Xms8m -Dfile.encoding=UTF8 
java_command: com.sun.tools.javac.Main @C:\Users\Admin\AppData\Local\Temp\tmp9260.tmp
java_class_path (initial): C:\Program Files\Android\Jdk\microsoft_dist_openjdk_1.8.0.25/lib/tools.jar;C:\Program Files\Android\Jdk\microsoft_dist_openjdk_1.8.0.25/classes
Launcher Type: SUN_STANDARD

Environment Variables:
PATH=C:\Program Files\Android\Jdk\microsoft_dist_openjdk_1.8.0.25\bin;C:\WINDOWS\system32;C:\WINDOWS;C:\WINDOWS\System32\Wbem;C:\WINDOWS\System32\WindowsPowerShell\v1.0\;C:\WINDOWS\System32\OpenSSH\;C:\Program Files\nodejs\;C:\Program Files (x86)\Subversion\bin;C:\Program Files\dotnet\;C:\Program Files\Microsoft SQL Server\130\Tools\Binn\;C:\Program Files\VisualSVN Server\bin;C:\Program Files\Microsoft SQL Server\Client SDK\ODBC\170\Tools\Binn\;C:\Program Files (x86)\Microsoft SQL Server\100\Tools\Binn\;C:\Program Files (x86)\Microsoft SQL Server\100\DTS\Binn\;C:\Program Files (x86)\Microsoft SQL Server\100\Tools\Binn\VSShell\Common7\IDE\;C:\Program Files (x86)\Microsoft Visual Studio 9.0\Common7\IDE\PrivateAssemblies\;C:\Program Files\TortoiseSVN\bin;C:\Go\bin;C:\Program Files\Git\cmd;C:\Users\Admin\AppData\Local\Microsoft\WindowsApps;C:\Users\Admin\AppData\Local\Programs\Microsoft VS Code\bin;C:\Users\Admin\AppData\Roaming\npm;C:\Users\Admin\.dotnet\tools;C:\Users\Admin\AppData\Local\Programs\Fiddler;C:\Users\Admin\AppData\Local\Microsoft\WindowsApps;F:\go-ipfs;C:\Go\bin;
USERNAME=Admin
OS=Windows_NT
PROCESSOR_IDENTIFIER=Intel64 Family 6 Model 158 Stepping 12, GenuineIntel



---------------  S Y S T E M  ---------------

OS: Windows 10.0 , 64 bit Build 18362 (10.0.18362.778)

CPU:total 6 (initial active 6) (6 cores per cpu, 1 threads per core) family 6 model 158 stepping 12, cmov, cx8, fxsr, mmx, sse, sse2, sse3, ssse3, sse4.1, sse4.2, popcnt, avx, avx2, aes, clmul, erms, 3dnowpref, lzcnt, tsc, tscinvbit, bmi1, bmi2, adx

Memory: 4k page, physical 8248244k(426980k free), swap 16636852k(5640k free)

vm_info: OpenJDK 64-Bit Server VM (25.71-b00) for windows-amd64 JRE (1.8.0-25-microsoft-b00), built on Feb  7 2019 20:09:14 by "builder" with MS VC++ 10.0 (VS2010)

time: Fri Apr 17 19:14:33 2020
timezone: 中国标准时间
elapsed time: 0 seconds (0d 0h 0m 0s)

