#
# There is insufficient memory for the Java Runtime Environment to continue.
# Native memory allocation (malloc) failed to allocate 1034736 bytes for Chunk::new
# Possible reasons:
#   The system is out of physical RAM or swap space
#   The process is running with CompressedOops enabled, and the Java Heap may be blocking the growth of the native heap
# Possible solutions:
#   Reduce memory load on the system
#   Increase physical memory or swap space
#   Check if swap backing store is full
#   Decrease Java heap size (-Xmx/-Xms)
#   Decrease number of Java threads
#   Decrease Java thread stack sizes (-Xss)
#   Set larger code cache with -XX:ReservedCodeCacheSize=
#   JVM is running with Unscaled Compressed Oops mode in which the Java heap is
#     placed in the first 4GB address space. The Java Heap base address is the
#     maximum limit for the native heap growth. Please use -XX:HeapBaseMinAddress
#     to set the Java Heap base and to place the Java Heap above 4GB virtual address.
# This output file may be truncated or incomplete.
#
#  Out of Memory Error (allocation.cpp:389), pid=26036, tid=0x0000000000004074
#
# JRE version: OpenJDK Runtime Environment (8.0) (build 1.8.0-25-microsoft-b00)
# Java VM: OpenJDK 64-Bit Server VM (25.71-b00 mixed mode windows-amd64 compressed oops)
# Failed to write core dump. Minidumps are not enabled by default on client versions of Windows
#

---------------  T H R E A D  ---------------

Current thread (0x00000000174fe000):  JavaThread "C2 CompilerThread0" daemon [_thread_in_native, id=16500, stack(0x0000000017ab0000,0x0000000017bb0000)]

Stack: [0x0000000017ab0000,0x0000000017bb0000]
[error occurred during error reporting (printing stack bounds), id 0xc0000005]

Native frames: (J=compiled Java code, j=interpreted, Vv=VM code, C=native code)


Current CompileTask:
C2:   5486 4502 %     4       com.android.tools.r8.ir.regalloc.LinearScanRegisterAllocator::a @ 293 (972 bytes)


---------------  P R O C E S S  ---------------

Java Threads: ( => current thread )
  0x000000001876d800 JavaThread "ForkJoinPool-1-worker-3" daemon [_thread_in_Java, id=9760, stack(0x00000000189b0000,0x0000000018ab0000)]
  0x000000001876d000 JavaThread "ForkJoinPool-1-worker-2" daemon [_thread_in_Java, id=26948, stack(0x00000000188b0000,0x00000000189b0000)]
  0x000000001876c800 JavaThread "ForkJoinPool-1-worker-1" daemon [_thread_in_Java, id=12404, stack(0x00000000187b0000,0x00000000188b0000)]
  0x0000000017576800 JavaThread "Service Thread" daemon [_thread_blocked, id=24892, stack(0x0000000017db0000,0x0000000017eb0000)]
  0x0000000017505000 JavaThread "C1 CompilerThread2" daemon [_thread_blocked, id=22340, stack(0x0000000017cb0000,0x0000000017db0000)]
  0x0000000015b34000 JavaThread "C2 CompilerThread1" daemon [_thread_in_native, id=4192, stack(0x0000000017bb0000,0x0000000017cb0000)]
=>0x00000000174fe000 JavaThread "C2 CompilerThread0" daemon [_thread_in_native, id=16500, stack(0x0000000017ab0000,0x0000000017bb0000)]
  0x0000000015b32800 JavaThread "Attach Listener" daemon [_thread_blocked, id=6724, stack(0x00000000179b0000,0x0000000017ab0000)]
  0x00000000174fb800 JavaThread "Signal Dispatcher" daemon [_thread_blocked, id=23744, stack(0x00000000178b0000,0x00000000179b0000)]
  0x000000000320a000 JavaThread "Finalizer" daemon [_thread_blocked, id=7848, stack(0x00000000173b0000,0x00000000174b0000)]
  0x0000000003204800 JavaThread "Reference Handler" daemon [_thread_blocked, id=23924, stack(0x00000000172b0000,0x00000000173b0000)]
  0x0000000003112800 JavaThread "main" [_thread_blocked, id=23788, stack(0x0000000003010000,0x0000000003110000)]

Other Threads:
  0x0000000015ae6800 VMThread [stack: 0x00000000171b0000,0x00000000172b0000] [id=27076]
  0x0000000017577000 WatcherThread [stack: 0x0000000017eb0000,0x0000000017fb0000] [id=26848]

VM state:not at safepoint (normal execution)

VM Mutex/Monitor currently owned by a thread: None

heap address: 0x00000000c0000000, size: 1024 MB, Compressed Oops mode: 32-bit
Narrow klass base: 0x0000000000000000, Narrow klass shift: 3
Compressed class space size: 1073741824 Address: 0x0000000100000000

Heap:
 PSYoungGen      total 227840K, used 93320K [0x00000000eab00000, 0x00000000fbb80000, 0x0000000100000000)
  eden space 207872K, 43% used [0x00000000eab00000,0x00000000f02b2130,0x00000000f7600000)
  from space 19968K, 17% used [0x00000000f7600000,0x00000000f7970000,0x00000000f8980000)
  to   space 15360K, 0% used [0x00000000fac80000,0x00000000fac80000,0x00000000fbb80000)
 ParOldGen       total 102912K, used 71960K [0x00000000c0000000, 0x00000000c6480000, 0x00000000eab00000)
  object space 102912K, 69% used [0x00000000c0000000,0x00000000c46463d8,0x00000000c6480000)
 Metaspace       used 15074K, capacity 15740K, committed 16128K, reserved 1062912K
  class space    used 1769K, capacity 1932K, committed 2048K, reserved 1048576K

Card table byte_map: [0x00000000125d0000,0x00000000127e0000] byte_map_base: 0x0000000011fd0000

Marking Bits: (ParMarkBitMap*) 0x000000005f0e8f30
 Begin Bits: [0x0000000012f40000, 0x0000000013f40000)
 End Bits:   [0x0000000013f40000, 0x0000000014f40000)

Polling page: 0x0000000000e40000

CodeCache: size=245760Kb used=16792Kb max_used=18827Kb free=228967Kb
 bounds [0x0000000003210000, 0x00000000044b0000, 0x0000000012210000]
 total_blobs=4388 nmethods=4042 adapters=258
 compilation: enabled

Compilation events (10 events):
Event: 5.381 Thread 0x0000000017505000 4851       3       com.android.tools.r8.m.a.a.b.x::a (172 bytes)
Event: 5.381 Thread 0x0000000017505000 nmethod 4851 0x0000000003648950 code [0x0000000003648c20, 0x000000000364a2d8]
Event: 5.381 Thread 0x0000000017505000 4852 %     3       com.android.tools.r8.utils.ListUtils::map @ 21 (54 bytes)
Event: 5.382 Thread 0x0000000017505000 nmethod 4852% 0x0000000003456e90 code [0x0000000003457060, 0x00000000034577e8]
Event: 5.390 Thread 0x0000000017505000 4854       2       com.android.tools.r8.ir.code.h0::fallthroughBlock (20 bytes)
Event: 5.391 Thread 0x0000000017505000 nmethod 4854 0x0000000003631590 code [0x0000000003631720, 0x0000000003631b48]
Event: 5.408 Thread 0x0000000017505000 4855       2       java.util.LinkedList::unlinkLast (64 bytes)
Event: 5.408 Thread 0x0000000017505000 nmethod 4855 0x000000000371dbd0 code [0x000000000371dd20, 0x000000000371df10]
Event: 5.417 Thread 0x0000000017505000 4856       3       com.android.tools.r8.ir.regalloc.LinearScanRegisterAllocator::g (67 bytes)
Event: 5.418 Thread 0x0000000017505000 nmethod 4856 0x00000000039e15d0 code [0x00000000039e1880, 0x00000000039e2a18]

GC Heap History (10 events):
Event: 4.180 GC heap before
{Heap before GC invocations=20 (full 1):
 PSYoungGen      total 227840K, used 210720K [0x00000000eab00000, 0x00000000f9d00000, 0x0000000100000000)
  eden space 207872K, 100% used [0x00000000eab00000,0x00000000f7600000,0x00000000f7600000)
  from space 19968K, 14% used [0x00000000f8980000,0x00000000f8c48000,0x00000000f9d00000)
  to   space 19968K, 0% used [0x00000000f7600000,0x00000000f7600000,0x00000000f8980000)
 ParOldGen       total 102912K, used 52583K [0x00000000c0000000, 0x00000000c6480000, 0x00000000eab00000)
  object space 102912K, 51% used [0x00000000c0000000,0x00000000c3359f40,0x00000000c6480000)
 Metaspace       used 15004K, capacity 15714K, committed 16128K, reserved 1062912K
  class space    used 1765K, capacity 1929K, committed 2048K, reserved 1048576K
Event: 4.185 GC heap after
Heap after GC invocations=20 (full 1):
 PSYoungGen      total 227840K, used 4064K [0x00000000eab00000, 0x00000000f9d00000, 0x0000000100000000)
  eden space 207872K, 0% used [0x00000000eab00000,0x00000000eab00000,0x00000000f7600000)
  from space 19968K, 20% used [0x00000000f7600000,0x00000000f79f8000,0x00000000f8980000)
  to   space 19968K, 0% used [0x00000000f8980000,0x00000000f8980000,0x00000000f9d00000)
 ParOldGen       total 102912K, used 55335K [0x00000000c0000000, 0x00000000c6480000, 0x00000000eab00000)
  object space 102912K, 53% used [0x00000000c0000000,0x00000000c3609f40,0x00000000c6480000)
 Metaspace       used 15004K, capacity 15714K, committed 16128K, reserved 1062912K
  class space    used 1765K, capacity 1929K, committed 2048K, reserved 1048576K
}
Event: 4.491 GC heap before
{Heap before GC invocations=21 (full 1):
 PSYoungGen      total 227840K, used 211936K [0x00000000eab00000, 0x00000000f9d00000, 0x0000000100000000)
  eden space 207872K, 100% used [0x00000000eab00000,0x00000000f7600000,0x00000000f7600000)
  from space 19968K, 20% used [0x00000000f7600000,0x00000000f79f8000,0x00000000f8980000)
  to   space 19968K, 0% used [0x00000000f8980000,0x00000000f8980000,0x00000000f9d00000)
 ParOldGen       total 102912K, used 55335K [0x00000000c0000000, 0x00000000c6480000, 0x00000000eab00000)
  object space 102912K, 53% used [0x00000000c0000000,0x00000000c3609f40,0x00000000c6480000)
 Metaspace       used 15009K, capacity 15714K, committed 16128K, reserved 1062912K
  class space    used 1765K, capacity 1929K, committed 2048K, reserved 1048576K
Event: 4.503 GC heap after
Heap after GC invocations=21 (full 1):
 PSYoungGen      total 227840K, used 4096K [0x00000000eab00000, 0x00000000f9d00000, 0x0000000100000000)
  eden space 207872K, 0% used [0x00000000eab00000,0x00000000eab00000,0x00000000f7600000)
  from space 19968K, 20% used [0x00000000f8980000,0x00000000f8d80000,0x00000000f9d00000)
  to   space 19968K, 0% used [0x00000000f7600000,0x00000000f7600000,0x00000000f8980000)
 ParOldGen       total 102912K, used 59239K [0x00000000c0000000, 0x00000000c6480000, 0x00000000eab00000)
  object space 102912K, 57% used [0x00000000c0000000,0x00000000c39d9f50,0x00000000c6480000)
 Metaspace       used 15009K, capacity 15714K, committed 16128K, reserved 1062912K
  class space    used 1765K, capacity 1929K, committed 2048K, reserved 1048576K
}
Event: 4.784 GC heap before
{Heap before GC invocations=22 (full 1):
 PSYoungGen      total 227840K, used 211968K [0x00000000eab00000, 0x00000000f9d00000, 0x0000000100000000)
  eden space 207872K, 100% used [0x00000000eab00000,0x00000000f7600000,0x00000000f7600000)
  from space 19968K, 20% used [0x00000000f8980000,0x00000000f8d80000,0x00000000f9d00000)
  to   space 19968K, 0% used [0x00000000f7600000,0x00000000f7600000,0x00000000f8980000)
 ParOldGen       total 102912K, used 59239K [0x00000000c0000000, 0x00000000c6480000, 0x00000000eab00000)
  object space 102912K, 57% used [0x00000000c0000000,0x00000000c39d9f50,0x00000000c6480000)
 Metaspace       used 15049K, capacity 15718K, committed 16128K, reserved 1062912K
  class space    used 1768K, capacity 1929K, committed 2048K, reserved 1048576K
Event: 4.789 GC heap after
Heap after GC invocations=22 (full 1):
 PSYoungGen      total 227840K, used 4480K [0x00000000eab00000, 0x00000000f9d00000, 0x0000000100000000)
  eden space 207872K, 0% used [0x00000000eab00000,0x00000000eab00000,0x00000000f7600000)
  from space 19968K, 22% used [0x00000000f7600000,0x00000000f7a60000,0x00000000f8980000)
  to   space 19968K, 0% used [0x00000000f8980000,0x00000000f8980000,0x00000000f9d00000)
 ParOldGen       total 102912K, used 63266K [0x00000000c0000000, 0x00000000c6480000, 0x00000000eab00000)
  object space 102912K, 61% used [0x00000000c0000000,0x00000000c3dc8970,0x00000000c6480000)
 Metaspace       used 15049K, capacity 15718K, committed 16128K, reserved 1062912K
  class space    used 1768K, capacity 1929K, committed 2048K, reserved 1048576K
}
Event: 5.047 GC heap before
{Heap before GC invocations=23 (full 1):
 PSYoungGen      total 227840K, used 212352K [0x00000000eab00000, 0x00000000f9d00000, 0x0000000100000000)
  eden space 207872K, 100% used [0x00000000eab00000,0x00000000f7600000,0x00000000f7600000)
  from space 19968K, 22% used [0x00000000f7600000,0x00000000f7a60000,0x00000000f8980000)
  to   space 19968K, 0% used [0x00000000f8980000,0x00000000f8980000,0x00000000f9d00000)
 ParOldGen       total 102912K, used 63266K [0x00000000c0000000, 0x00000000c6480000, 0x00000000eab00000)
  object space 102912K, 61% used [0x00000000c0000000,0x00000000c3dc8970,0x00000000c6480000)
 Metaspace       used 15062K, capacity 15740K, committed 16128K, reserved 1062912K
  class space    used 1769K, capacity 1932K, committed 2048K, reserved 1048576K
Event: 5.055 GC heap after
Heap after GC invocations=23 (full 1):
 PSYoungGen      total 227840K, used 4800K [0x00000000eab00000, 0x00000000f9d00000, 0x0000000100000000)
  eden space 207872K, 0% used [0x00000000eab00000,0x00000000eab00000,0x00000000f7600000)
  from space 19968K, 24% used [0x00000000f8980000,0x00000000f8e30000,0x00000000f9d00000)
  to   space 19968K, 0% used [0x00000000f7600000,0x00000000f7600000,0x00000000f8980000)
 ParOldGen       total 102912K, used 67508K [0x00000000c0000000, 0x00000000c6480000, 0x00000000eab00000)
  object space 102912K, 65% used [0x00000000c0000000,0x00000000c41ed2b8,0x00000000c6480000)
 Metaspace       used 15062K, capacity 15740K, committed 16128K, reserved 1062912K
  class space    used 1769K, capacity 1932K, committed 2048K, reserved 1048576K
}
Event: 5.309 GC heap before
{Heap before GC invocations=24 (full 1):
 PSYoungGen      total 227840K, used 212672K [0x00000000eab00000, 0x00000000f9d00000, 0x0000000100000000)
  eden space 207872K, 100% used [0x00000000eab00000,0x00000000f7600000,0x00000000f7600000)
  from space 19968K, 24% used [0x00000000f8980000,0x00000000f8e30000,0x00000000f9d00000)
  to   space 19968K, 0% used [0x00000000f7600000,0x00000000f7600000,0x00000000f8980000)
 ParOldGen       total 102912K, used 67508K [0x00000000c0000000, 0x00000000c6480000, 0x00000000eab00000)
  object space 102912K, 65% used [0x00000000c0000000,0x00000000c41ed2b8,0x00000000c6480000)
 Metaspace       used 15074K, capacity 15740K, committed 16128K, reserved 1062912K
  class space    used 1769K, capacity 1932K, committed 2048K, reserved 1048576K
Event: 5.316 GC heap after
Heap after GC invocations=24 (full 1):
 PSYoungGen      total 227840K, used 3520K [0x00000000eab00000, 0x00000000fbb80000, 0x0000000100000000)
  eden space 207872K, 0% used [0x00000000eab00000,0x00000000eab00000,0x00000000f7600000)
  from space 19968K, 17% used [0x00000000f7600000,0x00000000f7970000,0x00000000f8980000)
  to   space 15360K, 0% used [0x00000000fac80000,0x00000000fac80000,0x00000000fbb80000)
 ParOldGen       total 102912K, used 71960K [0x00000000c0000000, 0x00000000c6480000, 0x00000000eab00000)
  object space 102912K, 69% used [0x00000000c0000000,0x00000000c46463d8,0x00000000c6480000)
 Metaspace       used 15074K, capacity 15740K, committed 16128K, reserved 1062912K
  class space    used 1769K, capacity 1932K, committed 2048K, reserved 1048576K
}

Deoptimization events (10 events):
Event: 3.051 Thread 0x000000001876c800 Uncommon trap: reason=unstable_if action=reinterpret pc=0x0000000003559fb4 method=com.android.tools.r8.graph.DexString.k()Ljava/lang/String; @ 56
Event: 3.566 Thread 0x000000001876c800 Uncommon trap: reason=unstable_if action=reinterpret pc=0x00000000037202fc method=java.util.HashMap.putVal(ILjava/lang/Object;Ljava/lang/Object;ZZ)Ljava/lang/Object; @ 94
Event: 3.643 Thread 0x000000001876c800 Uncommon trap: reason=unstable_if action=reinterpret pc=0x000000000432c020 method=com.android.tools.r8.ir.regalloc.LinearScanRegisterAllocator.a(Lcom/android/tools/r8/ir/regalloc/LinearScanRegisterAllocator$a;Z)Lcom/android/tools/r8/ir/regalloc/LinearScan
Event: 3.646 Thread 0x000000001876c800 Uncommon trap: reason=unstable_if action=reinterpret pc=0x00000000041b5d0c method=com.android.tools.r8.n.a.a.a.g.B0$e.contains(Ljava/lang/Object;)Z @ 124
Event: 3.675 Thread 0x000000001876d800 Uncommon trap: reason=unstable_if action=reinterpret pc=0x000000000425b324 method=com.android.tools.r8.ir.conversion.V.a(Lcom/android/tools/r8/t/a/a/B;Lcom/android/tools/r8/t/a/a/B;)Z @ 211
Event: 3.835 Thread 0x000000001876d000 Uncommon trap: reason=predicate action=maybe_recompile pc=0x0000000004210940 method=com.android.tools.r8.t.a.a.f.a(Lcom/android/tools/r8/t/a/a/h;[Lcom/android/tools/r8/t/a/a/d;I)V @ 1553
Event: 3.987 Thread 0x000000001876d000 Uncommon trap: reason=unstable_if action=reinterpret pc=0x0000000003839c8c method=java.util.concurrent.ConcurrentHashMap.computeIfAbsent(Ljava/lang/Object;Ljava/util/function/Function;)Ljava/lang/Object; @ 281
Event: 4.113 Thread 0x000000001876c800 Uncommon trap: reason=predicate action=maybe_recompile pc=0x00000000039d885c method=com.android.tools.r8.t.a.a.f.a(Lcom/android/tools/r8/t/a/a/h;[Lcom/android/tools/r8/t/a/a/d;I)V @ 3824
Event: 4.749 Thread 0x000000001876d800 Uncommon trap: reason=unstable_if action=reinterpret pc=0x00000000037372b0 method=com.android.tools.r8.t.a.a.B.equals(Ljava/lang/Object;)Z @ 113
Event: 5.167 Thread 0x000000001876d800 Uncommon trap: reason=unstable_if action=reinterpret pc=0x0000000003af8e4c method=com.android.tools.r8.ir.code.Position.equals(Ljava/lang/Object;)Z @ 27

Classes redefined (0 events):
No events

Internal exceptions (10 events):
Event: 0.620 Thread 0x0000000003112800 Implicit null exception at 0x000000000346a76b to 0x000000000346ada1
Event: 0.621 Thread 0x0000000003112800 Implicit null exception at 0x000000000345703d to 0x00000000034574a9
Event: 1.096 Thread 0x000000001876d000 Implicit null exception at 0x0000000003635e81 to 0x0000000003637109
Event: 1.156 Thread 0x000000001876c800 Exception <a 'java/lang/NoSuchMethodError': java.lang.Object.lambda$comparingInt$7b0bb60$1(Ljava/util/function/ToIntFunction;Ljava/lang/Object;Ljava/lang/Object;)I> (0x00000000ebbd7670) thrown at [D:\j\worksp~1\openjd~3\jdk8u\hotspot\src\share\vm\interpre
Event: 1.156 Thread 0x000000001876d800 Exception <a 'java/lang/NoSuchMethodError': java.lang.Object.lambda$comparingInt$7b0bb60$1(Ljava/util/function/ToIntFunction;Ljava/lang/Object;Ljava/lang/Object;)I> (0x00000000ebc81148) thrown at [D:\j\worksp~1\openjd~3\jdk8u\hotspot\src\share\vm\interpre
Event: 1.156 Thread 0x000000001876d000 Exception <a 'java/lang/NoSuchMethodError': java.lang.Object.lambda$comparingInt$7b0bb60$1(Ljava/util/function/ToIntFunction;Ljava/lang/Object;Ljava/lang/Object;)I> (0x00000000ebc12c60) thrown at [D:\j\worksp~1\openjd~3\jdk8u\hotspot\src\share\vm\interpre
Event: 1.157 Thread 0x000000001876c800 Exception <a 'java/lang/NoSuchMethodError': java.lang.Object.lambda$maxBy$1(Ljava/util/Comparator;Ljava/lang/Object;Ljava/lang/Object;)Ljava/lang/Object;> (0x00000000ebcabc30) thrown at [D:\j\worksp~1\openjd~3\jdk8u\hotspot\src\share\vm\interpreter\linkRe
Event: 1.157 Thread 0x000000001876d800 Exception <a 'java/lang/NoSuchMethodError': java.lang.Object.lambda$maxBy$1(Ljava/util/Comparator;Ljava/lang/Object;Ljava/lang/Object;)Ljava/lang/Object;> (0x00000000ebc8ce58) thrown at [D:\j\worksp~1\openjd~3\jdk8u\hotspot\src\share\vm\interpreter\linkRe
Event: 1.157 Thread 0x000000001876d000 Exception <a 'java/lang/NoSuchMethodError': java.lang.Object.lambda$maxBy$1(Ljava/util/Comparator;Ljava/lang/Object;Ljava/lang/Object;)Ljava/lang/Object;> (0x00000000ebc1e940) thrown at [D:\j\worksp~1\openjd~3\jdk8u\hotspot\src\share\vm\interpreter\linkRe
Event: 1.201 Thread 0x000000001876d000 Implicit null exception at 0x000000000363172c to 0x0000000003631969

Events (10 events):
Event: 5.416 Thread 0x000000001876c800 DEOPT PACKING pc=0x0000000003b84df6 sp=0x00000000188adbe0
Event: 5.416 Thread 0x000000001876c800 DEOPT UNPACKING pc=0x00000000032575d0 sp=0x00000000188ad968 mode 0
Event: 5.417 Thread 0x000000001876c800 DEOPT PACKING pc=0x0000000003b20142 sp=0x00000000188adf50
Event: 5.417 Thread 0x000000001876c800 DEOPT UNPACKING pc=0x00000000032575d0 sp=0x00000000188adfb8 mode 0
Event: 5.417 Thread 0x000000001876c800 DEOPT PACKING pc=0x0000000004466284 sp=0x00000000188add70
Event: 5.417 Thread 0x000000001876c800 DEOPT UNPACKING pc=0x00000000032575d0 sp=0x00000000188adb48 mode 0
Event: 5.423 Thread 0x000000001876c800 DEOPT PACKING pc=0x00000000038d2c27 sp=0x00000000188ae450
Event: 5.423 Thread 0x000000001876c800 DEOPT UNPACKING pc=0x00000000032575d0 sp=0x00000000188ae170 mode 0
Event: 5.426 Thread 0x000000001876c800 DEOPT PACKING pc=0x0000000003b20142 sp=0x00000000188adb60
Event: 5.426 Thread 0x000000001876c800 DEOPT UNPACKING pc=0x00000000032575d0 sp=0x00000000188adbc8 mode 0


Dynamic libraries:
0x00007ff7195b0000 - 0x00007ff7195e5000 	C:\Program Files\Android\Jdk\microsoft_dist_openjdk_1.8.0.25\bin\java.exe
0x00007ffa873a0000 - 0x00007ffa87590000 	C:\WINDOWS\SYSTEM32\ntdll.dll
0x00007ffa86b30000 - 0x00007ffa86be2000 	C:\WINDOWS\System32\KERNEL32.DLL
0x00007ffa84750000 - 0x00007ffa849f3000 	C:\WINDOWS\System32\KERNELBASE.dll
0x00007ffa85450000 - 0x00007ffa854f3000 	C:\WINDOWS\System32\ADVAPI32.dll
0x00007ffa86eb0000 - 0x00007ffa86f4e000 	C:\WINDOWS\System32\msvcrt.dll
0x00007ffa86bf0000 - 0x00007ffa86c87000 	C:\WINDOWS\System32\sechost.dll
0x00007ffa86f50000 - 0x00007ffa87070000 	C:\WINDOWS\System32\RPCRT4.dll
0x00007ffa870f0000 - 0x00007ffa87284000 	C:\WINDOWS\System32\USER32.dll
0x00007ffa84b20000 - 0x00007ffa84b41000 	C:\WINDOWS\System32\win32u.dll
0x00007ffa85840000 - 0x00007ffa85866000 	C:\WINDOWS\System32\GDI32.dll
0x00007ffa84530000 - 0x00007ffa846c4000 	C:\WINDOWS\System32\gdi32full.dll
0x00007ffa84c00000 - 0x00007ffa84c9e000 	C:\WINDOWS\System32\msvcp_win.dll
0x00007ffa84a20000 - 0x00007ffa84b1a000 	C:\WINDOWS\System32\ucrtbase.dll
0x00007ffa74200000 - 0x00007ffa74485000 	C:\WINDOWS\WinSxS\amd64_microsoft.windows.common-controls_6595b64144ccf1df_6.0.18362.778_none_e6c6b761130d4fb8\COMCTL32.dll
0x00007ffa85500000 - 0x00007ffa85836000 	C:\WINDOWS\System32\combase.dll
0x00007ffa846d0000 - 0x00007ffa84750000 	C:\WINDOWS\System32\bcryptPrimitives.dll
0x00007ffa86e80000 - 0x00007ffa86eae000 	C:\WINDOWS\System32\IMM32.DLL
0x000000005f170000 - 0x000000005f241000 	C:\Program Files\Android\Jdk\microsoft_dist_openjdk_1.8.0.25\jre\bin\msvcr100.dll
0x000000005e920000 - 0x000000005f165000 	C:\Program Files\Android\Jdk\microsoft_dist_openjdk_1.8.0.25\jre\bin\server\jvm.dll
0x00007ffa86c90000 - 0x00007ffa86c98000 	C:\WINDOWS\System32\PSAPI.DLL
0x00007ffa75590000 - 0x00007ffa75599000 	C:\WINDOWS\SYSTEM32\WSOCK32.dll
0x00007ffa822d0000 - 0x00007ffa822f4000 	C:\WINDOWS\SYSTEM32\WINMM.dll
0x00007ffa7fa40000 - 0x00007ffa7fa4a000 	C:\WINDOWS\SYSTEM32\VERSION.dll
0x00007ffa862a0000 - 0x00007ffa8630f000 	C:\WINDOWS\System32\WS2_32.dll
0x00007ffa82170000 - 0x00007ffa8219d000 	C:\WINDOWS\SYSTEM32\winmmbase.dll
0x00007ffa84b50000 - 0x00007ffa84b9a000 	C:\WINDOWS\System32\cfgmgr32.dll
0x00007ffa80d40000 - 0x00007ffa80d4f000 	C:\Program Files\Android\Jdk\microsoft_dist_openjdk_1.8.0.25\jre\bin\verify.dll
0x00007ffa767f0000 - 0x00007ffa76819000 	C:\Program Files\Android\Jdk\microsoft_dist_openjdk_1.8.0.25\jre\bin\java.dll
0x00007ffa72230000 - 0x00007ffa72246000 	C:\Program Files\Android\Jdk\microsoft_dist_openjdk_1.8.0.25\jre\bin\zip.dll
0x00007ffa86440000 - 0x00007ffa86b25000 	C:\WINDOWS\System32\SHELL32.dll
0x00007ffa86dd0000 - 0x00007ffa86e79000 	C:\WINDOWS\System32\shcore.dll
0x00007ffa84cd0000 - 0x00007ffa85450000 	C:\WINDOWS\System32\windows.storage.dll
0x00007ffa842b0000 - 0x00007ffa842d3000 	C:\WINDOWS\System32\profapi.dll
0x00007ffa842e0000 - 0x00007ffa8432a000 	C:\WINDOWS\System32\powrprof.dll
0x00007ffa84260000 - 0x00007ffa84270000 	C:\WINDOWS\System32\UMPDC.dll
0x00007ffa87290000 - 0x00007ffa872e2000 	C:\WINDOWS\System32\shlwapi.dll
0x00007ffa84270000 - 0x00007ffa84281000 	C:\WINDOWS\System32\kernel.appcore.dll
0x00007ffa84a00000 - 0x00007ffa84a17000 	C:\WINDOWS\System32\cryptsp.dll
0x00007ffa6a5b0000 - 0x00007ffa6a5ca000 	C:\Program Files\Android\jdk\microsoft_dist_openjdk_1.8.0.25\jre\bin\net.dll
0x00007ffa83a20000 - 0x00007ffa83a87000 	C:\WINDOWS\system32\mswsock.dll
0x00007ffa615f0000 - 0x00007ffa61601000 	C:\Program Files\Android\jdk\microsoft_dist_openjdk_1.8.0.25\jre\bin\nio.dll

VM Arguments:
jvm_args: -Xmx1G 
java_command: com.android.tools.r8.D8 --debug --min-api 21 --output obj\Debug\90\android\bin --lib C:\Program Files (x86)\Android\android-sdk\platforms\android-28\android.jar obj\Debug\90\android\bin\classes.zip C:\Program Files (x86)\Microsoft Visual Studio\2019\Professional\Common7\IDE\ReferenceAssemblies\Microsoft\Framework\MonoAndroid\v9.0\mono.android.jar C:\Program Files (x86)\Microsoft Visual Studio\2019\Professional\MSBuild\Xamarin\Android\java_runtime_fastdev.jar obj\Debug\90\lp\10\jl\android.arch.core.common.jar obj\Debug\90\lp\11\jl\bin\classes.jar obj\Debug\90\lp\12\jl\android.arch.lifecycle.common.jar obj\Debug\90\lp\13\jl\bin\classes.jar obj\Debug\90\lp\14\jl\bin\classes.jar obj\Debug\90\lp\15\jl\bin\classes.jar obj\Debug\90\lp\16\jl\bin\classes.jar obj\Debug\90\lp\17\jl\bin\classes.jar obj\Debug\90\lp\18\jl\com.android.support.support-annotations.jar obj\Debug\90\lp\19\jl\bin\classes.jar obj\Debug\90\lp\20\jl\com.android.support.collections.jar obj\Debug\90\lp\21\jl\bin\classes.jar obj\Debug\90\lp\22\jl\bin\classes.jar obj\Debug\90\lp\23\jl\bin\classes.jar obj\Debug\90\lp\24\jl\bin\classes.jar obj\Debug\90\lp\25\jl\bin\classes.jar obj\Debug\90\lp\26\jl\bin\classes.jar obj\Debug\90\lp\27\jl\bin\classes.jar obj\Debug\90\lp\28\jl\bin\classes.jar obj\Debug\90\lp\29\jl\bin\classes.jar obj\Debug\90\lp\3\jl\formsviewgroup.jar obj\Debug\90\lp\30\jl\bin\classes.jar obj\Debug\90\lp\31\jl\bin\classes.jar obj\Debug\90\lp\32\jl\bin\classes.jar obj\Debug\90\lp\33\jl\bin\classes.jar obj\Debug\90\lp\34\jl\bin\classes.jar obj\Debug\90\lp\35\jl\bin\classes.jar obj\Debug\90\lp\36\jl\bin\classes.jar obj\Debug\90\lp\37\jl\bin\classes.jar obj\Debug\90\lp\38\jl\bin\classes.jar obj\Debug\90\lp\39\jl\bin\classes.jar obj\Debug\90\lp\4\jl\bin\classes.jar obj\Debug\90\lp\41\jl\bin\classes.jar obj\Debug\90\lp\42\jl\bin\classes.jar obj\Debug\90\lp\43\jl\bin\classes.jar obj\Debug\90\lp\44\jl\bin\classes.jar obj\Debug\90\lp\45\jl\bin\classes.jar obj\Debug\90\lp\46\jl\bin\classes.j
java_class_path (initial): C:\Program Files (x86)\Microsoft Visual Studio\2019\Professional\MSBuild\Xamarin\Android\r8.jar
Launcher Type: SUN_STANDARD

Environment Variables:
PATH=C:\Program Files\Android\Jdk\microsoft_dist_openjdk_1.8.0.25\bin;C:\WINDOWS\system32;C:\WINDOWS;C:\WINDOWS\System32\Wbem;C:\WINDOWS\System32\WindowsPowerShell\v1.0\;C:\WINDOWS\System32\OpenSSH\;C:\Program Files\nodejs\;C:\Program Files (x86)\Subversion\bin;C:\Program Files\dotnet\;C:\Program Files\Microsoft SQL Server\130\Tools\Binn\;C:\Program Files\VisualSVN Server\bin;C:\Program Files\Microsoft SQL Server\Client SDK\ODBC\170\Tools\Binn\;C:\Program Files (x86)\Microsoft SQL Server\100\Tools\Binn\;C:\Program Files (x86)\Microsoft SQL Server\100\DTS\Binn\;C:\Program Files (x86)\Microsoft SQL Server\100\Tools\Binn\VSShell\Common7\IDE\;C:\Program Files (x86)\Microsoft Visual Studio 9.0\Common7\IDE\PrivateAssemblies\;C:\Program Files\TortoiseSVN\bin;C:\Go\bin;C:\Program Files\Git\cmd;C:\Users\Admin\AppData\Local\Microsoft\WindowsApps;C:\Users\Admin\AppData\Local\Programs\Microsoft VS Code\bin;C:\Users\Admin\AppData\Roaming\npm;C:\Users\Admin\.dotnet\tools;C:\Users\Admin\AppData\Local\Programs\Fiddler;C:\Users\Admin\AppData\Local\Microsoft\WindowsApps;F:\go-ipfs;C:\Go\bin;
USERNAME=Admin
OS=Windows_NT
PROCESSOR_IDENTIFIER=Intel64 Family 6 Model 158 Stepping 12, GenuineIntel



---------------  S Y S T E M  ---------------

OS: Windows 10.0 , 64 bit Build 18362 (10.0.18362.778)

CPU:total 6 (initial active 6) (6 cores per cpu, 1 threads per core) family 6 model 158 stepping 12, cmov, cx8, fxsr, mmx, sse, sse2, sse3, ssse3, sse4.1, sse4.2, popcnt, avx, avx2, aes, clmul, erms, 3dnowpref, lzcnt, tsc, tscinvbit, bmi1, bmi2, adx

Memory: 4k page, physical 8248244k(332616k free), swap 16636852k(6092k free)

vm_info: OpenJDK 64-Bit Server VM (25.71-b00) for windows-amd64 JRE (1.8.0-25-microsoft-b00), built on Feb  7 2019 20:09:14 by "builder" with MS VC++ 10.0 (VS2010)

time: Mon Apr 20 14:52:47 2020
timezone: 中国标准时间
elapsed time: 5 seconds (0d 0h 0m 5s)

