#
# There is insufficient memory for the Java Runtime Environment to continue.
# Native memory allocation (malloc) failed to allocate 1048576 bytes for AllocateHeap
# Possible reasons:
#   The system is out of physical RAM or swap space
#   The process is running with CompressedOops enabled, and the Java Heap may be blocking the growth of the native heap
# Possible solutions:
#   Reduce memory load on the system
#   Increase physical memory or swap space
#   Check if swap backing store is full
#   Decrease Java heap size (-Xmx/-Xms)
#   Decrease number of Java threads
#   Decrease Java thread stack sizes (-Xss)
#   Set larger code cache with -XX:ReservedCodeCacheSize=
#   JVM is running with Unscaled Compressed Oops mode in which the Java heap is
#     placed in the first 4GB address space. The Java Heap base address is the
#     maximum limit for the native heap growth. Please use -XX:HeapBaseMinAddress
#     to set the Java Heap base and to place the Java Heap above 4GB virtual address.
# This output file may be truncated or incomplete.
#
#  Out of Memory Error (memory/allocation.inline.hpp:61), pid=25580, tid=0x0000000000006314
#
# JRE version:  (8.0) (build )
# Java VM: OpenJDK 64-Bit Server VM (25.71-b00 mixed mode windows-amd64 compressed oops)
# Failed to write core dump. Minidumps are not enabled by default on client versions of Windows
#

---------------  T H R E A D  ---------------

Current thread (0x000000000290e800):  JavaThread "Unknown thread" [_thread_in_vm, id=25364, stack(0x0000000002780000,0x0000000002880000)]

Stack: [0x0000000002780000,0x0000000002880000]
[error occurred during error reporting (printing stack bounds), id 0xc0000005]

Native frames: (J=compiled Java code, j=interpreted, Vv=VM code, C=native code)


---------------  P R O C E S S  ---------------

Java Threads: ( => current thread )

Other Threads:

=>0x000000000290e800 (exited) JavaThread "Unknown thread" [_thread_in_vm, id=25364, stack(0x0000000002780000,0x0000000002880000)]

VM state:not at safepoint (normal execution)

VM Mutex/Monitor currently owned by a thread: None

heap address: 0x0000000082200000, size: 2014 MB, Compressed Oops mode: 32-bit
Narrow klass base: 0x0000000000000000, Narrow klass shift: 3
Compressed class space size: 1073741824 Address: 0x0000000100000000

Heap:
 PSYoungGen      total 2048K, used 30K [0x00000000d6100000, 0x00000000d6380000, 0x0000000100000000)
  eden space 1536K, 2% used [0x00000000d6100000,0x00000000d6107af0,0x00000000d6280000)
  from space 512K, 0% used [0x00000000d6300000,0x00000000d6300000,0x00000000d6380000)
  to   space 512K, 0% used [0x00000000d6280000,0x00000000d6280000,0x00000000d6300000)
 ParOldGen       total 5632K, used 0K [0x0000000082200000, 0x0000000082780000, 0x00000000d6100000)
  object space 5632K, 0% used [0x0000000082200000,0x0000000082200000,0x0000000082780000)
 Metaspace       used 784K, capacity 1156K, committed 1408K, reserved 1060864K
  class space    used 74K, capacity 384K, committed 384K, reserved 1048576K

Card table byte_map: [0x00000000121e0000,0x00000000125d0000] byte_map_base: 0x0000000011dcf000

Marking Bits: (ParMarkBitMap*) 0x0000000065fe8f30
 Begin Bits: [0x0000000012e70000, 0x0000000014de8000)
 End Bits:   [0x0000000014de8000, 0x0000000016d60000)

Polling page: 0x00000000005f0000

CodeCache: size=245760Kb used=328Kb max_used=328Kb free=245431Kb
 bounds [0x0000000002e20000, 0x0000000003090000, 0x0000000011e20000]
 total_blobs=57 nmethods=0 adapters=38
 compilation: enabled

Compilation events (0 events):
No events

GC Heap History (0 events):
No events

Deoptimization events (0 events):
No events

Classes redefined (0 events):
No events

Internal exceptions (0 events):
No events

Events (10 events):
Event: 0.019 loading class java/lang/Short
Event: 0.019 loading class java/lang/Short done
Event: 0.019 loading class java/lang/Integer
Event: 0.019 loading class java/lang/Integer done
Event: 0.019 loading class java/lang/Long
Event: 0.019 loading class java/lang/Long done
Event: 0.019 loading class java/lang/NullPointerException
Event: 0.019 loading class java/lang/NullPointerException done
Event: 0.019 loading class java/lang/ArithmeticException
Event: 0.019 loading class java/lang/ArithmeticException done


Dynamic libraries:
0x00007ff635e20000 - 0x00007ff635e27000 	C:\Program Files\Android\Jdk\microsoft_dist_openjdk_1.8.0.25\bin\javac.exe
0x00007ffa52b40000 - 0x00007ffa52d30000 	C:\WINDOWS\SYSTEM32\ntdll.dll
0x00007ffa50dc0000 - 0x00007ffa50e72000 	C:\WINDOWS\System32\KERNEL32.DLL
0x00007ffa50870000 - 0x00007ffa50b13000 	C:\WINDOWS\System32\KERNELBASE.dll
0x00007ffa30500000 - 0x00007ffa3052f000 	C:\Program Files\Android\Jdk\microsoft_dist_openjdk_1.8.0.25\bin\jli.dll
0x0000000065740000 - 0x0000000065811000 	C:\Program Files\Android\Jdk\microsoft_dist_openjdk_1.8.0.25\bin\MSVCR100.dll
0x00007ffa51360000 - 0x00007ffa51403000 	C:\WINDOWS\System32\ADVAPI32.dll
0x00007ffa51590000 - 0x00007ffa5162e000 	C:\WINDOWS\System32\msvcrt.dll
0x00007ffa51630000 - 0x00007ffa516c7000 	C:\WINDOWS\System32\sechost.dll
0x00007ffa51470000 - 0x00007ffa51590000 	C:\WINDOWS\System32\RPCRT4.dll
0x00007ffa51bb0000 - 0x00007ffa51d44000 	C:\WINDOWS\System32\USER32.dll
0x00007ffa4fb90000 - 0x00007ffa4fbb1000 	C:\WINDOWS\System32\win32u.dll
0x00007ffa3f920000 - 0x00007ffa3fba5000 	C:\WINDOWS\WinSxS\amd64_microsoft.windows.common-controls_6595b64144ccf1df_6.0.18362.778_none_e6c6b761130d4fb8\COMCTL32.dll
0x00007ffa51dc0000 - 0x00007ffa51de6000 	C:\WINDOWS\System32\GDI32.dll
0x00007ffa51870000 - 0x00007ffa51ba6000 	C:\WINDOWS\System32\combase.dll
0x00007ffa504d0000 - 0x00007ffa50664000 	C:\WINDOWS\System32\gdi32full.dll
0x00007ffa503a0000 - 0x00007ffa5049a000 	C:\WINDOWS\System32\ucrtbase.dll
0x00007ffa4fad0000 - 0x00007ffa4fb6e000 	C:\WINDOWS\System32\msvcp_win.dll
0x00007ffa50b70000 - 0x00007ffa50bf0000 	C:\WINDOWS\System32\bcryptPrimitives.dll
0x00007ffa51170000 - 0x00007ffa5119e000 	C:\WINDOWS\System32\IMM32.DLL
0x0000000066070000 - 0x0000000066141000 	C:\Program Files\Android\Jdk\microsoft_dist_openjdk_1.8.0.25\jre\bin\msvcr100.dll
0x0000000065820000 - 0x0000000066065000 	C:\Program Files\Android\Jdk\microsoft_dist_openjdk_1.8.0.25\jre\bin\server\jvm.dll
0x00007ffa51160000 - 0x00007ffa51168000 	C:\WINDOWS\System32\PSAPI.DLL
0x00007ffa4daa0000 - 0x00007ffa4dac4000 	C:\WINDOWS\SYSTEM32\WINMM.dll
0x00007ffa3c810000 - 0x00007ffa3c819000 	C:\WINDOWS\SYSTEM32\WSOCK32.dll
0x00007ffa4b4c0000 - 0x00007ffa4b4ca000 	C:\WINDOWS\SYSTEM32\VERSION.dll
0x00007ffa512e0000 - 0x00007ffa5134f000 	C:\WINDOWS\System32\WS2_32.dll
0x00007ffa4d940000 - 0x00007ffa4d96d000 	C:\WINDOWS\SYSTEM32\WINMMBASE.dll
0x00007ffa50b20000 - 0x00007ffa50b6a000 	C:\WINDOWS\System32\cfgmgr32.dll
0x00007ffa4c3d0000 - 0x00007ffa4c3df000 	C:\Program Files\Android\Jdk\microsoft_dist_openjdk_1.8.0.25\jre\bin\verify.dll
0x00007ffa41ed0000 - 0x00007ffa41ef9000 	C:\Program Files\Android\Jdk\microsoft_dist_openjdk_1.8.0.25\jre\bin\java.dll
0x00007ffa3c830000 - 0x00007ffa3c846000 	C:\Program Files\Android\Jdk\microsoft_dist_openjdk_1.8.0.25\jre\bin\zip.dll

VM Arguments:
jvm_args: -Dapplication.home=C:\Program Files\Android\Jdk\microsoft_dist_openjdk_1.8.0.25 -Xms8m -Dfile.encoding=UTF8 
java_command: com.sun.tools.javac.Main @C:\Users\Admin\AppData\Local\Temp\tmpE2CF.tmp
java_class_path (initial): C:\Program Files\Android\Jdk\microsoft_dist_openjdk_1.8.0.25/lib/tools.jar;C:\Program Files\Android\Jdk\microsoft_dist_openjdk_1.8.0.25/classes
Launcher Type: SUN_STANDARD

Environment Variables:
PATH=C:\Program Files\Android\Jdk\microsoft_dist_openjdk_1.8.0.25\bin;C:\WINDOWS\system32;C:\WINDOWS;C:\WINDOWS\System32\Wbem;C:\WINDOWS\System32\WindowsPowerShell\v1.0\;C:\WINDOWS\System32\OpenSSH\;C:\Program Files\nodejs\;C:\Program Files (x86)\Subversion\bin;C:\Program Files\dotnet\;C:\Program Files\Microsoft SQL Server\130\Tools\Binn\;C:\Program Files\VisualSVN Server\bin;C:\Program Files\Microsoft SQL Server\Client SDK\ODBC\170\Tools\Binn\;C:\Program Files (x86)\Microsoft SQL Server\100\Tools\Binn\;C:\Program Files (x86)\Microsoft SQL Server\100\DTS\Binn\;C:\Program Files (x86)\Microsoft SQL Server\100\Tools\Binn\VSShell\Common7\IDE\;C:\Program Files (x86)\Microsoft Visual Studio 9.0\Common7\IDE\PrivateAssemblies\;C:\Program Files\TortoiseSVN\bin;C:\Go\bin;C:\Program Files\Git\cmd;C:\Users\Admin\AppData\Local\Microsoft\WindowsApps;C:\Users\Admin\AppData\Local\Programs\Microsoft VS Code\bin;C:\Users\Admin\AppData\Roaming\npm;C:\Users\Admin\.dotnet\tools;C:\Users\Admin\AppData\Local\Programs\Fiddler;C:\Users\Admin\AppData\Local\Microsoft\WindowsApps;F:\go-ipfs;C:\Go\bin;
USERNAME=Admin
OS=Windows_NT
PROCESSOR_IDENTIFIER=Intel64 Family 6 Model 158 Stepping 12, GenuineIntel



---------------  S Y S T E M  ---------------

OS: Windows 10.0 , 64 bit Build 18362 (10.0.18362.778)

CPU:total 6 (initial active 6) (6 cores per cpu, 1 threads per core) family 6 model 158 stepping 12, cmov, cx8, fxsr, mmx, sse, sse2, sse3, ssse3, sse4.1, sse4.2, popcnt, avx, avx2, aes, clmul, erms, 3dnowpref, lzcnt, tsc, tscinvbit, bmi1, bmi2, adx

Memory: 4k page, physical 8248244k(496784k free), swap 16636852k(5584k free)

vm_info: OpenJDK 64-Bit Server VM (25.71-b00) for windows-amd64 JRE (1.8.0-25-microsoft-b00), built on Feb  7 2019 20:09:14 by "builder" with MS VC++ 10.0 (VS2010)

time: Fri Apr 17 19:15:59 2020
timezone: 中国标准时间
elapsed time: 0 seconds (0d 0h 0m 0s)

