#
# There is insufficient memory for the Java Runtime Environment to continue.
# Native memory allocation (malloc) failed to allocate 1035776 bytes for Chunk::new
# Possible reasons:
#   The system is out of physical RAM or swap space
#   The process is running with CompressedOops enabled, and the Java Heap may be blocking the growth of the native heap
# Possible solutions:
#   Reduce memory load on the system
#   Increase physical memory or swap space
#   Check if swap backing store is full
#   Decrease Java heap size (-Xmx/-Xms)
#   Decrease number of Java threads
#   Decrease Java thread stack sizes (-Xss)
#   Set larger code cache with -XX:ReservedCodeCacheSize=
#   JVM is running with Unscaled Compressed Oops mode in which the Java heap is
#     placed in the first 4GB address space. The Java Heap base address is the
#     maximum limit for the native heap growth. Please use -XX:HeapBaseMinAddress
#     to set the Java Heap base and to place the Java Heap above 4GB virtual address.
# This output file may be truncated or incomplete.
#
#  Out of Memory Error (allocation.cpp:389), pid=22720, tid=0x0000000000005638
#
# JRE version: OpenJDK Runtime Environment (8.0) (build 1.8.0-25-microsoft-b00)
# Java VM: OpenJDK 64-Bit Server VM (25.71-b00 mixed mode windows-amd64 compressed oops)
# Failed to write core dump. Minidumps are not enabled by default on client versions of Windows
#

---------------  T H R E A D  ---------------

Current thread (0x000000001793d000):  JavaThread "C2 CompilerThread1" daemon [_thread_in_native, id=22072, stack(0x0000000017ff0000,0x00000000180f0000)]

Stack: [0x0000000017ff0000,0x00000000180f0000]
[error occurred during error reporting (printing stack bounds), id 0xc0000005]

Native frames: (J=compiled Java code, j=interpreted, Vv=VM code, C=native code)


Current CompileTask:
C2:   2027 3076       4       com.android.tools.r8.ir.code.Phi::a (339 bytes)


---------------  P R O C E S S  ---------------

Java Threads: ( => current thread )
  0x0000000018657000 JavaThread "ForkJoinPool-1-worker-3" daemon [_thread_in_Java, id=21220, stack(0x0000000018df0000,0x0000000018ef0000)]
  0x000000001865a000 JavaThread "ForkJoinPool-1-worker-2" daemon [_thread_in_Java, id=24940, stack(0x0000000018cf0000,0x0000000018df0000)]
  0x000000001865c800 JavaThread "ForkJoinPool-1-worker-1" daemon [_thread_in_Java, id=3888, stack(0x0000000018bf0000,0x0000000018cf0000)]
  0x00000000179c3000 JavaThread "Service Thread" daemon [_thread_blocked, id=17508, stack(0x00000000181f0000,0x00000000182f0000)]
  0x000000001793f800 JavaThread "C1 CompilerThread2" daemon [_thread_in_vm, id=6880, stack(0x00000000180f0000,0x00000000181f0000)]
=>0x000000001793d000 JavaThread "C2 CompilerThread1" daemon [_thread_in_native, id=22072, stack(0x0000000017ff0000,0x00000000180f0000)]
  0x0000000015f22000 JavaThread "C2 CompilerThread0" daemon [_thread_in_native, id=15416, stack(0x0000000017ef0000,0x0000000017ff0000)]
  0x000000001793b800 JavaThread "Attach Listener" daemon [_thread_blocked, id=15424, stack(0x0000000017df0000,0x0000000017ef0000)]
  0x0000000015f2e000 JavaThread "Signal Dispatcher" daemon [_thread_blocked, id=16408, stack(0x0000000017cf0000,0x0000000017df0000)]
  0x00000000035f8800 JavaThread "Finalizer" daemon [_thread_blocked, id=3428, stack(0x0000000017790000,0x0000000017890000)]
  0x0000000015efb000 JavaThread "Reference Handler" daemon [_thread_blocked, id=3576, stack(0x0000000017690000,0x0000000017790000)]
  0x0000000003502800 JavaThread "main" [_thread_blocked, id=12952, stack(0x0000000003030000,0x0000000003130000)]

Other Threads:
  0x0000000015ed7000 VMThread [stack: 0x0000000017590000,0x0000000017690000] [id=17368]
  0x00000000179c5000 WatcherThread [stack: 0x00000000182f0000,0x00000000183f0000] [id=13336]

VM state:not at safepoint (normal execution)

VM Mutex/Monitor currently owned by a thread: None

heap address: 0x00000000c0000000, size: 1024 MB, Compressed Oops mode: 32-bit
Narrow klass base: 0x0000000000000000, Narrow klass shift: 3
Compressed class space size: 1073741824 Address: 0x0000000100000000

Heap:
 PSYoungGen      total 154624K, used 133187K [0x00000000eab00000, 0x00000000fd700000, 0x0000000100000000)
  eden space 131072K, 92% used [0x00000000eab00000,0x00000000f2164b48,0x00000000f2b00000)
  from space 23552K, 50% used [0x00000000f2b00000,0x00000000f36ac3d8,0x00000000f4200000)
  to   space 22528K, 0% used [0x00000000fc100000,0x00000000fc100000,0x00000000fd700000)
 ParOldGen       total 86016K, used 50025K [0x00000000c0000000, 0x00000000c5400000, 0x00000000eab00000)
  object space 86016K, 58% used [0x00000000c0000000,0x00000000c30da5c8,0x00000000c5400000)
 Metaspace       used 14671K, capacity 15430K, committed 15616K, reserved 1062912K
  class space    used 1778K, capacity 1945K, committed 2048K, reserved 1048576K

Card table byte_map: [0x00000000129c0000,0x0000000012bd0000] byte_map_base: 0x00000000123c0000

Marking Bits: (ParMarkBitMap*) 0x0000000051a48f30
 Begin Bits: [0x0000000013330000, 0x0000000014330000)
 End Bits:   [0x0000000014330000, 0x0000000015330000)

Polling page: 0x0000000000fe0000

CodeCache: size=245760Kb used=12610Kb max_used=12610Kb free=233149Kb
 bounds [0x0000000003600000, 0x0000000004260000, 0x0000000012600000]
 total_blobs=3879 nmethods=3534 adapters=258
 compilation: enabled

Compilation events (10 events):
Event: 2.016 Thread 0x000000001793f800 3606       2       com.android.tools.r8.ir.conversion.IRConverter::b (248 bytes)
Event: 2.017 Thread 0x000000001793f800 nmethod 3606 0x0000000004246550 code [0x0000000004246840, 0x0000000004247638]
Event: 2.017 Thread 0x000000001793f800 3620       2       java.util.stream.AbstractPipeline::copyIntoWithCancel (42 bytes)
Event: 2.017 Thread 0x000000001793f800 nmethod 3620 0x0000000004248650 code [0x00000000042487e0, 0x0000000004248a58]
Event: 2.017 Thread 0x000000001793f800 3598       2       com.android.tools.r8.graph.DexEncodedMethod::isInstanceInitializer (30 bytes)
Event: 2.017 Thread 0x000000001793f800 nmethod 3598 0x0000000004248bd0 code [0x0000000004248d20, 0x0000000004248ef0]
Event: 2.017 Thread 0x000000001793f800 3593       2       java.util.Collections$SetFromMap::clear (10 bytes)
Event: 2.017 Thread 0x000000001793f800 nmethod 3593 0x0000000004248f90 code [0x0000000004249100, 0x0000000004249288]
Event: 2.017 Thread 0x000000001793f800 3612       2       com.android.tools.r8.ir.conversion.IRConverter::b (2837 bytes)
Event: 2.026 Thread 0x000000001793f800 nmethod 3612 0x0000000004249310 code [0x0000000004249ec0, 0x000000000424dbb8]

GC Heap History (10 events):
Event: 0.822 GC heap before
{Heap before GC invocations=3 (full 0):
 PSYoungGen      total 37888K, used 37870K [0x00000000eab00000, 0x00000000ef500000, 0x0000000100000000)
  eden space 32768K, 100% used [0x00000000eab00000,0x00000000ecb00000,0x00000000ecb00000)
  from space 5120K, 99% used [0x00000000ed000000,0x00000000ed4fbad8,0x00000000ed500000)
  to   space 5120K, 0% used [0x00000000ecb00000,0x00000000ecb00000,0x00000000ed000000)
 ParOldGen       total 86016K, used 12706K [0x00000000c0000000, 0x00000000c5400000, 0x00000000eab00000)
  object space 86016K, 14% used [0x00000000c0000000,0x00000000c0c68aa0,0x00000000c5400000)
 Metaspace       used 8503K, capacity 8778K, committed 9088K, reserved 1056768K
  class space    used 946K, capacity 1035K, committed 1152K, reserved 1048576K
Event: 0.828 GC heap after
Heap after GC invocations=3 (full 0):
 PSYoungGen      total 37888K, used 5101K [0x00000000eab00000, 0x00000000ef500000, 0x0000000100000000)
  eden space 32768K, 0% used [0x00000000eab00000,0x00000000eab00000,0x00000000ecb00000)
  from space 5120K, 99% used [0x00000000ecb00000,0x00000000ecffb5c8,0x00000000ed000000)
  to   space 5120K, 0% used [0x00000000ef000000,0x00000000ef000000,0x00000000ef500000)
 ParOldGen       total 86016K, used 24067K [0x00000000c0000000, 0x00000000c5400000, 0x00000000eab00000)
  object space 86016K, 27% used [0x00000000c0000000,0x00000000c1780e50,0x00000000c5400000)
 Metaspace       used 8503K, capacity 8778K, committed 9088K, reserved 1056768K
  class space    used 946K, capacity 1035K, committed 1152K, reserved 1048576K
}
Event: 0.895 GC heap before
{Heap before GC invocations=4 (full 0):
 PSYoungGen      total 37888K, used 37869K [0x00000000eab00000, 0x00000000ef500000, 0x0000000100000000)
  eden space 32768K, 100% used [0x00000000eab00000,0x00000000ecb00000,0x00000000ecb00000)
  from space 5120K, 99% used [0x00000000ecb00000,0x00000000ecffb5c8,0x00000000ed000000)
  to   space 5120K, 0% used [0x00000000ef000000,0x00000000ef000000,0x00000000ef500000)
 ParOldGen       total 86016K, used 24067K [0x00000000c0000000, 0x00000000c5400000, 0x00000000eab00000)
  object space 86016K, 27% used [0x00000000c0000000,0x00000000c1780e50,0x00000000c5400000)
 Metaspace       used 8686K, capacity 9072K, committed 9344K, reserved 1056768K
  class space    used 958K, capacity 1080K, committed 1152K, reserved 1048576K
Event: 0.904 GC heap after
Heap after GC invocations=4 (full 0):
 PSYoungGen      total 70656K, used 5107K [0x00000000eab00000, 0x00000000ef500000, 0x0000000100000000)
  eden space 65536K, 0% used [0x00000000eab00000,0x00000000eab00000,0x00000000eeb00000)
  from space 5120K, 99% used [0x00000000ef000000,0x00000000ef4fcfd8,0x00000000ef500000)
  to   space 5120K, 0% used [0x00000000eeb00000,0x00000000eeb00000,0x00000000ef000000)
 ParOldGen       total 86016K, used 32623K [0x00000000c0000000, 0x00000000c5400000, 0x00000000eab00000)
  object space 86016K, 37% used [0x00000000c0000000,0x00000000c1fdbc50,0x00000000c5400000)
 Metaspace       used 8686K, capacity 9072K, committed 9344K, reserved 1056768K
  class space    used 958K, capacity 1080K, committed 1152K, reserved 1048576K
}
Event: 0.970 GC heap before
{Heap before GC invocations=5 (full 0):
 PSYoungGen      total 70656K, used 70643K [0x00000000eab00000, 0x00000000ef500000, 0x0000000100000000)
  eden space 65536K, 100% used [0x00000000eab00000,0x00000000eeb00000,0x00000000eeb00000)
  from space 5120K, 99% used [0x00000000ef000000,0x00000000ef4fcfd8,0x00000000ef500000)
  to   space 5120K, 0% used [0x00000000eeb00000,0x00000000eeb00000,0x00000000ef000000)
 ParOldGen       total 86016K, used 32623K [0x00000000c0000000, 0x00000000c5400000, 0x00000000eab00000)
  object space 86016K, 37% used [0x00000000c0000000,0x00000000c1fdbc50,0x00000000c5400000)
 Metaspace       used 8692K, capacity 9072K, committed 9344K, reserved 1056768K
  class space    used 958K, capacity 1080K, committed 1152K, reserved 1048576K
Event: 0.986 GC heap after
Heap after GC invocations=5 (full 0):
 PSYoungGen      total 70656K, used 5101K [0x00000000eab00000, 0x00000000f5a00000, 0x0000000100000000)
  eden space 65536K, 0% used [0x00000000eab00000,0x00000000eab00000,0x00000000eeb00000)
  from space 5120K, 99% used [0x00000000eeb00000,0x00000000eeffb738,0x00000000ef000000)
  to   space 24064K, 0% used [0x00000000f4280000,0x00000000f4280000,0x00000000f5a00000)
 ParOldGen       total 86016K, used 48297K [0x00000000c0000000, 0x00000000c5400000, 0x00000000eab00000)
  object space 86016K, 56% used [0x00000000c0000000,0x00000000c2f2a598,0x00000000c5400000)
 Metaspace       used 8692K, capacity 9072K, committed 9344K, reserved 1056768K
  class space    used 958K, capacity 1080K, committed 1152K, reserved 1048576K
}
Event: 1.391 GC heap before
{Heap before GC invocations=6 (full 0):
 PSYoungGen      total 70656K, used 70637K [0x00000000eab00000, 0x00000000f5a00000, 0x0000000100000000)
  eden space 65536K, 100% used [0x00000000eab00000,0x00000000eeb00000,0x00000000eeb00000)
  from space 5120K, 99% used [0x00000000eeb00000,0x00000000eeffb738,0x00000000ef000000)
  to   space 24064K, 0% used [0x00000000f4280000,0x00000000f4280000,0x00000000f5a00000)
 ParOldGen       total 86016K, used 48297K [0x00000000c0000000, 0x00000000c5400000, 0x00000000eab00000)
  object space 86016K, 56% used [0x00000000c0000000,0x00000000c2f2a598,0x00000000c5400000)
 Metaspace       used 13717K, capacity 14330K, committed 14464K, reserved 1062912K
  class space    used 1729K, capacity 1893K, committed 1920K, reserved 1048576K
Event: 1.407 GC heap after
Heap after GC invocations=6 (full 0):
 PSYoungGen      total 154112K, used 12323K [0x00000000eab00000, 0x00000000f5900000, 0x0000000100000000)
  eden space 131072K, 0% used [0x00000000eab00000,0x00000000eab00000,0x00000000f2b00000)
  from space 23040K, 53% used [0x00000000f4280000,0x00000000f4e88f30,0x00000000f5900000)
  to   space 23552K, 0% used [0x00000000f2b00000,0x00000000f2b00000,0x00000000f4200000)
 ParOldGen       total 86016K, used 48305K [0x00000000c0000000, 0x00000000c5400000, 0x00000000eab00000)
  object space 86016K, 56% used [0x00000000c0000000,0x00000000c2f2c598,0x00000000c5400000)
 Metaspace       used 13717K, capacity 14330K, committed 14464K, reserved 1062912K
  class space    used 1729K, capacity 1893K, committed 1920K, reserved 1048576K
}
Event: 1.737 GC heap before
{Heap before GC invocations=7 (full 0):
 PSYoungGen      total 154112K, used 143395K [0x00000000eab00000, 0x00000000f5900000, 0x0000000100000000)
  eden space 131072K, 100% used [0x00000000eab00000,0x00000000f2b00000,0x00000000f2b00000)
  from space 23040K, 53% used [0x00000000f4280000,0x00000000f4e88f30,0x00000000f5900000)
  to   space 23552K, 0% used [0x00000000f2b00000,0x00000000f2b00000,0x00000000f4200000)
 ParOldGen       total 86016K, used 48305K [0x00000000c0000000, 0x00000000c5400000, 0x00000000eab00000)
  object space 86016K, 56% used [0x00000000c0000000,0x00000000c2f2c598,0x00000000c5400000)
 Metaspace       used 14262K, capacity 14938K, committed 15104K, reserved 1062912K
  class space    used 1773K, capacity 1937K, committed 2048K, reserved 1048576K
Event: 1.752 GC heap after
Heap after GC invocations=7 (full 0):
 PSYoungGen      total 154624K, used 11952K [0x00000000eab00000, 0x00000000fd700000, 0x0000000100000000)
  eden space 131072K, 0% used [0x00000000eab00000,0x00000000eab00000,0x00000000f2b00000)
  from space 23552K, 50% used [0x00000000f2b00000,0x00000000f36ac3d8,0x00000000f4200000)
  to   space 22528K, 0% used [0x00000000fc100000,0x00000000fc100000,0x00000000fd700000)
 ParOldGen       total 86016K, used 50025K [0x00000000c0000000, 0x00000000c5400000, 0x00000000eab00000)
  object space 86016K, 58% used [0x00000000c0000000,0x00000000c30da5c8,0x00000000c5400000)
 Metaspace       used 14262K, capacity 14938K, committed 15104K, reserved 1062912K
  class space    used 1773K, capacity 1937K, committed 2048K, reserved 1048576K
}

Deoptimization events (10 events):
Event: 1.614 Thread 0x0000000018657000 Uncommon trap: reason=unstable_if action=reinterpret pc=0x0000000003b0a4a8 method=java.util.HashMap.putVal(ILjava/lang/Object;Ljava/lang/Object;ZZ)Ljava/lang/Object; @ 162
Event: 1.615 Thread 0x0000000018657000 Uncommon trap: reason=unstable_if action=reinterpret pc=0x0000000003d29b78 method=java.util.HashMap.getNode(ILjava/lang/Object;)Ljava/util/HashMap$Node; @ 84
Event: 1.615 Thread 0x0000000018657000 Uncommon trap: reason=unstable_if action=reinterpret pc=0x0000000003d15384 method=java.util.HashMap.getNode(ILjava/lang/Object;)Ljava/util/HashMap$Node; @ 84
Event: 1.673 Thread 0x000000001865a000 Uncommon trap: reason=unstable_if action=reinterpret pc=0x0000000003b72b84 method=com.android.tools.r8.graph.DexProto.b(Ljava/lang/Object;)Z @ 23
Event: 1.677 Thread 0x000000001865a000 Uncommon trap: reason=null_check action=make_not_entrant pc=0x0000000003f86524 method=com.android.tools.r8.ir.conversion.X.a(IZ)V @ 39
Event: 1.689 Thread 0x000000001865a000 Uncommon trap: reason=unstable_if action=reinterpret pc=0x0000000003d7397c method=com.android.tools.r8.ir.regalloc.LiveIntervals.getSplitCovering(I)Lcom/android/tools/r8/ir/regalloc/LiveIntervals; @ 141
Event: 1.720 Thread 0x000000001865c800 Uncommon trap: reason=unstable_if action=reinterpret pc=0x0000000003ef92b4 method=java.util.BitSet.get(I)Z @ 45
Event: 1.734 Thread 0x000000001865c800 Uncommon trap: reason=unstable_if action=reinterpret pc=0x0000000003e36334 method=java.util.TreeMap.compare(Ljava/lang/Object;Ljava/lang/Object;)I @ 4
Event: 1.889 Thread 0x000000001865c800 Uncommon trap: reason=unstable_if action=reinterpret pc=0x0000000003d7970c method=com.android.tools.r8.ir.regalloc.LinearScanRegisterAllocator.a(Lcom/android/tools/r8/ir/code/Instruction;Lcom/android/tools/r8/ir/regalloc/LinearScanRegisterAllocator$b;)Z @
Event: 2.013 Thread 0x000000001865a000 Uncommon trap: reason=unstable_if action=reinterpret pc=0x0000000003bb2c34 method=com.android.tools.r8.graph.y.a(ILjava/lang/String;Ljava/lang/String;Ljava/lang/String;[Ljava/lang/String;)Lcom/android/tools/r8/t/a/a/u; @ 37

Classes redefined (0 events):
No events

Internal exceptions (10 events):
Event: 0.496 Thread 0x0000000003502800 Implicit null exception at 0x00000000038533bb to 0x0000000003853d85
Event: 0.514 Thread 0x0000000003502800 Implicit null exception at 0x000000000384d83b to 0x000000000384e205
Event: 0.526 Thread 0x0000000003502800 Implicit null exception at 0x0000000003845f2b to 0x0000000003846561
Event: 0.527 Thread 0x0000000003502800 Implicit null exception at 0x0000000003843fbd to 0x0000000003844429
Event: 1.146 Thread 0x0000000018657000 Exception <a 'java/lang/NoSuchMethodError': java.lang.Object.lambda$comparingInt$7b0bb60$1(Ljava/util/function/ToIntFunction;Ljava/lang/Object;Ljava/lang/Object;)I> (0x00000000ebb91210) thrown at [D:\j\worksp~1\openjd~3\jdk8u\hotspot\src\share\vm\interpre
Event: 1.147 Thread 0x000000001865c800 Exception <a 'java/lang/NoSuchMethodError': java.lang.Object.lambda$comparingInt$7b0bb60$1(Ljava/util/function/ToIntFunction;Ljava/lang/Object;Ljava/lang/Object;)I> (0x00000000ebbfa080) thrown at [D:\j\worksp~1\openjd~3\jdk8u\hotspot\src\share\vm\interpre
Event: 1.147 Thread 0x000000001865a000 Exception <a 'java/lang/NoSuchMethodError': java.lang.Object.lambda$comparingInt$7b0bb60$1(Ljava/util/function/ToIntFunction;Ljava/lang/Object;Ljava/lang/Object;)I> (0x00000000ebc1eff0) thrown at [D:\j\worksp~1\openjd~3\jdk8u\hotspot\src\share\vm\interpre
Event: 1.148 Thread 0x000000001865c800 Exception <a 'java/lang/NoSuchMethodError': java.lang.Object.lambda$maxBy$1(Ljava/util/Comparator;Ljava/lang/Object;Ljava/lang/Object;)Ljava/lang/Object;> (0x00000000ebc04f58) thrown at [D:\j\worksp~1\openjd~3\jdk8u\hotspot\src\share\vm\interpreter\linkRe
Event: 1.181 Thread 0x000000001865a000 Implicit null exception at 0x0000000003a1626c to 0x0000000003a164a9
Event: 1.677 Thread 0x000000001865a000 Implicit null exception at 0x0000000003f83f74 to 0x0000000003f86505

Events (10 events):
Event: 1.916 Thread 0x000000001865c800 DEOPT UNPACKING pc=0x00000000036475d0 sp=0x0000000018ceea30 mode 0
Event: 1.922 Thread 0x000000001865c800 DEOPT PACKING pc=0x0000000003e76f15 sp=0x0000000018ceec00
Event: 1.922 Thread 0x000000001865c800 DEOPT UNPACKING pc=0x00000000036475d0 sp=0x0000000018ceea28 mode 0
Event: 1.939 Executing VM operation: ForceSafepoint
Event: 1.939 Executing VM operation: ForceSafepoint done
Event: 2.003 Executing VM operation: ForceSafepoint
Event: 2.003 Executing VM operation: ForceSafepoint done
Event: 2.013 Thread 0x000000001865a000 Uncommon trap: trap_request=0xffffff65 fr.pc=0x0000000003bb2c34
Event: 2.013 Thread 0x000000001865a000 DEOPT PACKING pc=0x0000000003bb2c34 sp=0x0000000018dedfd0
Event: 2.013 Thread 0x000000001865a000 DEOPT UNPACKING pc=0x000000000364557b sp=0x0000000018dedf70 mode 2


Dynamic libraries:
0x00007ff75a280000 - 0x00007ff75a2b5000 	C:\Program Files\Android\Jdk\microsoft_dist_openjdk_1.8.0.25\bin\java.exe
0x00007ffff1d60000 - 0x00007ffff1f50000 	C:\WINDOWS\SYSTEM32\ntdll.dll
0x00007ffff1b00000 - 0x00007ffff1bb2000 	C:\WINDOWS\System32\KERNEL32.DLL
0x00007fffef260000 - 0x00007fffef503000 	C:\WINDOWS\System32\KERNELBASE.dll
0x00007ffff1c70000 - 0x00007ffff1d13000 	C:\WINDOWS\System32\ADVAPI32.dll
0x00007ffff0d70000 - 0x00007ffff0e0e000 	C:\WINDOWS\System32\msvcrt.dll
0x00007fffefef0000 - 0x00007fffeff87000 	C:\WINDOWS\System32\sechost.dll
0x00007ffff19e0000 - 0x00007ffff1b00000 	C:\WINDOWS\System32\RPCRT4.dll
0x00007ffff04b0000 - 0x00007ffff0644000 	C:\WINDOWS\System32\USER32.dll
0x00007fffeecf0000 - 0x00007fffeed11000 	C:\WINDOWS\System32\win32u.dll
0x00007ffff0650000 - 0x00007ffff0676000 	C:\WINDOWS\System32\GDI32.dll
0x00007fffeeef0000 - 0x00007fffef084000 	C:\WINDOWS\System32\gdi32full.dll
0x00007fffef1c0000 - 0x00007fffef25e000 	C:\WINDOWS\System32\msvcp_win.dll
0x00007fffef090000 - 0x00007fffef18a000 	C:\WINDOWS\System32\ucrtbase.dll
0x00007fffdeb20000 - 0x00007fffdeda5000 	C:\WINDOWS\WinSxS\amd64_microsoft.windows.common-controls_6595b64144ccf1df_6.0.18362.778_none_e6c6b761130d4fb8\COMCTL32.dll
0x00007fffeff90000 - 0x00007ffff02c6000 	C:\WINDOWS\System32\combase.dll
0x00007fffef610000 - 0x00007fffef690000 	C:\WINDOWS\System32\bcryptPrimitives.dll
0x00007ffff1bc0000 - 0x00007ffff1bee000 	C:\WINDOWS\System32\IMM32.DLL
0x0000000051ad0000 - 0x0000000051ba1000 	C:\Program Files\Android\Jdk\microsoft_dist_openjdk_1.8.0.25\jre\bin\msvcr100.dll
0x0000000051280000 - 0x0000000051ac5000 	C:\Program Files\Android\Jdk\microsoft_dist_openjdk_1.8.0.25\jre\bin\server\jvm.dll
0x00007ffff1100000 - 0x00007ffff1108000 	C:\WINDOWS\System32\PSAPI.DLL
0x00007fffeb670000 - 0x00007fffeb679000 	C:\WINDOWS\SYSTEM32\WSOCK32.dll
0x00007fffeccc0000 - 0x00007fffecce4000 	C:\WINDOWS\SYSTEM32\WINMM.dll
0x00007fffea410000 - 0x00007fffea41a000 	C:\WINDOWS\SYSTEM32\VERSION.dll
0x00007ffff0fd0000 - 0x00007ffff103f000 	C:\WINDOWS\System32\WS2_32.dll
0x00007fffecb60000 - 0x00007fffecb8d000 	C:\WINDOWS\SYSTEM32\winmmbase.dll
0x00007fffef5c0000 - 0x00007fffef60a000 	C:\WINDOWS\System32\cfgmgr32.dll
0x00007fffecdd0000 - 0x00007fffecddf000 	C:\Program Files\Android\Jdk\microsoft_dist_openjdk_1.8.0.25\jre\bin\verify.dll
0x00007fffce0f0000 - 0x00007fffce119000 	C:\Program Files\Android\Jdk\microsoft_dist_openjdk_1.8.0.25\jre\bin\java.dll
0x00007fffdb990000 - 0x00007fffdb9a6000 	C:\Program Files\Android\Jdk\microsoft_dist_openjdk_1.8.0.25\jre\bin\zip.dll
0x00007ffff1290000 - 0x00007ffff1975000 	C:\WINDOWS\System32\SHELL32.dll
0x00007ffff1110000 - 0x00007ffff11b9000 	C:\WINDOWS\System32\shcore.dll
0x00007fffef690000 - 0x00007fffefe10000 	C:\WINDOWS\System32\windows.storage.dll
0x00007fffeec70000 - 0x00007fffeec93000 	C:\WINDOWS\System32\profapi.dll
0x00007fffeeca0000 - 0x00007fffeecea000 	C:\WINDOWS\System32\powrprof.dll
0x00007fffeec20000 - 0x00007fffeec30000 	C:\WINDOWS\System32\UMPDC.dll
0x00007ffff1980000 - 0x00007ffff19d2000 	C:\WINDOWS\System32\shlwapi.dll
0x00007fffeec50000 - 0x00007fffeec61000 	C:\WINDOWS\System32\kernel.appcore.dll
0x00007fffeeed0000 - 0x00007fffeeee7000 	C:\WINDOWS\System32\cryptsp.dll
0x00007fffd76c0000 - 0x00007fffd76da000 	C:\Program Files\Android\jdk\microsoft_dist_openjdk_1.8.0.25\jre\bin\net.dll
0x00007fffee3e0000 - 0x00007fffee447000 	C:\WINDOWS\system32\mswsock.dll
0x00007fffcf6b0000 - 0x00007fffcf6c1000 	C:\Program Files\Android\jdk\microsoft_dist_openjdk_1.8.0.25\jre\bin\nio.dll

VM Arguments:
jvm_args: -Xmx1G 
java_command: com.android.tools.r8.D8 --debug --min-api 21 --output obj\Debug\90\android\bin --lib C:\Program Files (x86)\Android\android-sdk\platforms\android-28\android.jar obj\Debug\90\android\bin\classes.zip C:\Program Files (x86)\Microsoft Visual Studio\2019\Professional\Common7\IDE\ReferenceAssemblies\Microsoft\Framework\MonoAndroid\v9.0\mono.android.jar C:\Program Files (x86)\Microsoft Visual Studio\2019\Professional\MSBuild\Xamarin\Android\java_runtime_fastdev.jar obj\Debug\90\lp\11\jl\android.arch.core.common.jar obj\Debug\90\lp\12\jl\bin\classes.jar obj\Debug\90\lp\13\jl\android.arch.lifecycle.common.jar obj\Debug\90\lp\14\jl\bin\classes.jar obj\Debug\90\lp\15\jl\bin\classes.jar obj\Debug\90\lp\16\jl\bin\classes.jar obj\Debug\90\lp\17\jl\bin\classes.jar obj\Debug\90\lp\18\jl\bin\classes.jar obj\Debug\90\lp\19\jl\com.android.support.support-annotations.jar obj\Debug\90\lp\20\jl\bin\classes.jar obj\Debug\90\lp\21\jl\com.android.support.collections.jar obj\Debug\90\lp\22\jl\bin\classes.jar obj\Debug\90\lp\23\jl\bin\classes.jar obj\Debug\90\lp\24\jl\bin\classes.jar obj\Debug\90\lp\25\jl\bin\classes.jar obj\Debug\90\lp\26\jl\bin\classes.jar obj\Debug\90\lp\27\jl\bin\classes.jar obj\Debug\90\lp\28\jl\bin\classes.jar obj\Debug\90\lp\29\jl\bin\classes.jar obj\Debug\90\lp\3\jl\formsviewgroup.jar obj\Debug\90\lp\30\jl\bin\classes.jar obj\Debug\90\lp\31\jl\bin\classes.jar obj\Debug\90\lp\32\jl\bin\classes.jar obj\Debug\90\lp\33\jl\bin\classes.jar obj\Debug\90\lp\34\jl\bin\classes.jar obj\Debug\90\lp\35\jl\bin\classes.jar obj\Debug\90\lp\36\jl\bin\classes.jar obj\Debug\90\lp\37\jl\bin\classes.jar obj\Debug\90\lp\38\jl\bin\classes.jar obj\Debug\90\lp\39\jl\bin\classes.jar obj\Debug\90\lp\4\jl\bin\classes.jar obj\Debug\90\lp\40\jl\bin\classes.jar obj\Debug\90\lp\42\jl\bin\classes.jar obj\Debug\90\lp\43\jl\bin\classes.jar obj\Debug\90\lp\44\jl\bin\classes.jar obj\Debug\90\lp\45\jl\bin\classes.jar obj\Debug\90\lp\46\jl\bin\classes.jar obj\Debug\90\lp\47\jl\bin\classes.j
java_class_path (initial): C:\Program Files (x86)\Microsoft Visual Studio\2019\Professional\MSBuild\Xamarin\Android\r8.jar
Launcher Type: SUN_STANDARD

Environment Variables:
PATH=C:\Program Files\Android\Jdk\microsoft_dist_openjdk_1.8.0.25\bin;C:\WINDOWS\system32;C:\WINDOWS;C:\WINDOWS\System32\Wbem;C:\WINDOWS\System32\WindowsPowerShell\v1.0\;C:\WINDOWS\System32\OpenSSH\;C:\Program Files\nodejs\;C:\Program Files (x86)\Subversion\bin;C:\Program Files\dotnet\;C:\Program Files\Microsoft SQL Server\130\Tools\Binn\;C:\Program Files\VisualSVN Server\bin;C:\Program Files\Microsoft SQL Server\Client SDK\ODBC\170\Tools\Binn\;C:\Program Files (x86)\Microsoft SQL Server\100\Tools\Binn\;C:\Program Files (x86)\Microsoft SQL Server\100\DTS\Binn\;C:\Program Files (x86)\Microsoft SQL Server\100\Tools\Binn\VSShell\Common7\IDE\;C:\Program Files (x86)\Microsoft Visual Studio 9.0\Common7\IDE\PrivateAssemblies\;C:\Program Files\TortoiseSVN\bin;C:\Go\bin;C:\Program Files\Git\cmd;C:\Users\Admin\AppData\Local\Microsoft\WindowsApps;C:\Users\Admin\AppData\Local\Programs\Microsoft VS Code\bin;C:\Users\Admin\AppData\Roaming\npm;C:\Users\Admin\.dotnet\tools;C:\Users\Admin\AppData\Local\Programs\Fiddler;C:\Users\Admin\AppData\Local\Microsoft\WindowsApps;F:\go-ipfs;C:\Go\bin;
USERNAME=Admin
OS=Windows_NT
PROCESSOR_IDENTIFIER=Intel64 Family 6 Model 158 Stepping 12, GenuineIntel



---------------  S Y S T E M  ---------------

OS: Windows 10.0 , 64 bit Build 18362 (10.0.18362.778)

CPU:total 6 (initial active 6) (6 cores per cpu, 1 threads per core) family 6 model 158 stepping 12, cmov, cx8, fxsr, mmx, sse, sse2, sse3, ssse3, sse4.1, sse4.2, popcnt, avx, avx2, aes, clmul, erms, 3dnowpref, lzcnt, tsc, tscinvbit, bmi1, bmi2, adx

Memory: 4k page, physical 8248244k(369556k free), swap 16636852k(5232k free)

vm_info: OpenJDK 64-Bit Server VM (25.71-b00) for windows-amd64 JRE (1.8.0-25-microsoft-b00), built on Feb  7 2019 20:09:14 by "builder" with MS VC++ 10.0 (VS2010)

time: Tue Apr 21 17:16:05 2020
timezone: 中国标准时间
elapsed time: 2 seconds (0d 0h 0m 2s)

